
*** Running vivado
    with args -log design_2_wrapper.vds -m64 -product Vivado -mode batch -messageDb vivado.pb -notrace -source design_2_wrapper.tcl



****** Vivado v2024.2 (64-bit)
  **** SW Build 5239630 on Fri Nov 08 22:35:27 MST 2024
  **** IP Build 5239520 on Sun Nov 10 16:12:51 MST 2024
  **** SharedData Build 5239561 on Fri Nov 08 14:39:27 MST 2024
  **** Start of session at: Sun Mar  1 14:17:56 2026
    ** Copyright 1986-2022 Xilinx, Inc. All Rights Reserved.
    ** Copyright 2022-2024 Advanced Micro Devices, Inc. All Rights Reserved.

source design_2_wrapper.tcl -notrace
INFO: [IP_Flow 19-234] Refreshing IP repositories
INFO: [IP_Flow 19-1700] Loaded user IP repository 'z:/DAT096/vivado-library-zmod-v2-2019.1-2/vivado-library-zmod-v2-2019.1-2'.
INFO: [IP_Flow 19-2313] Loaded Vivado IP repository 'C:/Progs/Xilinx/Vivado/2024.2/data/ip'.
update_ip_catalog: Time (s): cpu = 00:00:01 ; elapsed = 00:00:07 . Memory (MB): peak = 369.152 ; gain = 1.984
WARNING: [IP_Flow 19-4995] The host OS only allows 260 characters in a normal path. The IP cache path is more than 80 characters. If you experience issues with IP caching, please consider changing the IP cache to a location with a shorter path. Alternately consider using the OS subst command to map part of the path to a drive letter. 
Current IP cache path is c:/Users/qianzha/Desktop/Embedded-System-Project-DAT096/Board_2/Board_2/Board_2.cache/ip 
INFO: [Project 1-5578] Found utility IPs instantiated in block design C:/Users/qianzha/Desktop/Embedded-System-Project-DAT096/Board_2/Board_2/Board_2.srcs/sources_1/bd/design_2/design_2.bd which have equivalent inline hdl with improved performance and reduced diskspace.
It is recommended to migrate these utility IPs to inline hdl  using the command upgrade_project -migrate_to_inline_hdl.  The utility IPs may be deprecated in future releases.
More information on inline hdl is available in UG994. 
Command: read_checkpoint -auto_incremental -incremental C:/Users/qianzha/Desktop/Embedded-System-Project-DAT096/Board_2/Board_2/Board_2.srcs/utils_1/imports/synth_1/design_2_wrapper.dcp
INFO: [Vivado 12-5825] Read reference checkpoint from C:/Users/qianzha/Desktop/Embedded-System-Project-DAT096/Board_2/Board_2/Board_2.srcs/utils_1/imports/synth_1/design_2_wrapper.dcp for incremental synthesis
INFO: [Vivado 12-7989] Please ensure there are no constraint changes
Command: synth_design -top design_2_wrapper -part xc7z020clg484-1
Starting synth_design
Attempting to get a license for feature 'Synthesis' and/or device 'xc7z020'
INFO: [Common 17-349] Got license for feature 'Synthesis' and/or device 'xc7z020'
INFO: [Device 21-403] Loading part xc7z020clg484-1
INFO: [Designutils 20-5440] No compile time benefit to using incremental synthesis; A full resynthesis will be run
INFO: [Designutils 20-4379] Flow is switching to default flow due to incremental criteria not met. If you would like to alter this behaviour and have the flow terminate instead, please set the following parameter config_implementation {autoIncr.Synth.RejectBehavior Terminate}
INFO: [Synth 8-7079] Multithreading enabled for synth_design using a maximum of 2 processes.
INFO: [Synth 8-7078] Launching helper process for spawning children vivado processes
INFO: [Synth 8-7075] Helper process launched with PID 5276
---------------------------------------------------------------------------------
Starting RTL Elaboration : Time (s): cpu = 00:00:02 ; elapsed = 00:00:03 . Memory (MB): peak = 1124.379 ; gain = 468.637
---------------------------------------------------------------------------------
INFO: [Synth 8-638] synthesizing module 'design_2_wrapper' [c:/Users/qianzha/Desktop/Embedded-System-Project-DAT096/Board_2/Board_2/Board_2.gen/sources_1/bd/design_2/hdl/design_2_wrapper.vhd:40]
INFO: [Synth 8-3491] module 'design_2' declared at 'c:/Users/qianzha/Desktop/Embedded-System-Project-DAT096/Board_2/Board_2/Board_2.gen/sources_1/bd/design_2/synth/design_2.vhd:15' bound to instance 'design_2_i' of component 'design_2' [c:/Users/qianzha/Desktop/Embedded-System-Project-DAT096/Board_2/Board_2/Board_2.gen/sources_1/bd/design_2/hdl/design_2_wrapper.vhd:66]
INFO: [Synth 8-638] synthesizing module 'design_2' [c:/Users/qianzha/Desktop/Embedded-System-Project-DAT096/Board_2/Board_2/Board_2.gen/sources_1/bd/design_2/synth/design_2.vhd:44]
INFO: [Synth 8-3491] module 'design_2_ZmodScopeController_0_1' declared at 'C:/Users/qianzha/Desktop/Embedded-System-Project-DAT096/Board_2/Board_2/Board_2.runs/synth_1/.Xil/Vivado-2100-FY-6302-09/realtime/design_2_ZmodScopeController_0_1_stub.vhdl:6' bound to instance 'ZmodScopeController_0' of component 'design_2_ZmodScopeController_0_1' [c:/Users/qianzha/Desktop/Embedded-System-Project-DAT096/Board_2/Board_2/Board_2.gen/sources_1/bd/design_2/synth/design_2.vhd:169]
INFO: [Synth 8-638] synthesizing module 'design_2_ZmodScopeController_0_1' [C:/Users/qianzha/Desktop/Embedded-System-Project-DAT096/Board_2/Board_2/Board_2.runs/synth_1/.Xil/Vivado-2100-FY-6302-09/realtime/design_2_ZmodScopeController_0_1_stub.vhdl:61]
INFO: [Synth 8-3491] module 'design_2_axis_register_slice_0_0' declared at 'C:/Users/qianzha/Desktop/Embedded-System-Project-DAT096/Board_2/Board_2/Board_2.runs/synth_1/.Xil/Vivado-2100-FY-6302-09/realtime/design_2_axis_register_slice_0_0_stub.vhdl:6' bound to instance 'axis_register_slice_0' of component 'design_2_axis_register_slice_0_0' [c:/Users/qianzha/Desktop/Embedded-System-Project-DAT096/Board_2/Board_2/Board_2.gen/sources_1/bd/design_2/synth/design_2.vhd:215]
INFO: [Synth 8-638] synthesizing module 'design_2_axis_register_slice_0_0' [C:/Users/qianzha/Desktop/Embedded-System-Project-DAT096/Board_2/Board_2/Board_2.runs/synth_1/.Xil/Vivado-2100-FY-6302-09/realtime/design_2_axis_register_slice_0_0_stub.vhdl:26]
INFO: [Synth 8-3491] module 'design_2_clk_wiz_0_1' declared at 'C:/Users/qianzha/Desktop/Embedded-System-Project-DAT096/Board_2/Board_2/Board_2.runs/synth_1/.Xil/Vivado-2100-FY-6302-09/realtime/design_2_clk_wiz_0_1_stub.vhdl:6' bound to instance 'clk_wiz_0' of component 'design_2_clk_wiz_0_1' [c:/Users/qianzha/Desktop/Embedded-System-Project-DAT096/Board_2/Board_2/Board_2.gen/sources_1/bd/design_2/synth/design_2.vhd:226]
INFO: [Synth 8-638] synthesizing module 'design_2_clk_wiz_0_1' [C:/Users/qianzha/Desktop/Embedded-System-Project-DAT096/Board_2/Board_2/Board_2.runs/synth_1/.Xil/Vivado-2100-FY-6302-09/realtime/design_2_clk_wiz_0_1_stub.vhdl:18]
INFO: [Synth 8-3491] module 'design_2_ila_0_0' declared at 'C:/Users/qianzha/Desktop/Embedded-System-Project-DAT096/Board_2/Board_2/Board_2.runs/synth_1/.Xil/Vivado-2100-FY-6302-09/realtime/design_2_ila_0_0_stub.vhdl:6' bound to instance 'ila_0' of component 'design_2_ila_0_0' [c:/Users/qianzha/Desktop/Embedded-System-Project-DAT096/Board_2/Board_2/Board_2.gen/sources_1/bd/design_2/synth/design_2.vhd:233]
INFO: [Synth 8-638] synthesizing module 'design_2_ila_0_0' [C:/Users/qianzha/Desktop/Embedded-System-Project-DAT096/Board_2/Board_2/Board_2.runs/synth_1/.Xil/Vivado-2100-FY-6302-09/realtime/design_2_ila_0_0_stub.vhdl:24]
INFO: [Synth 8-3491] module 'design_2_util_ds_buf_0_0' declared at 'C:/Users/qianzha/Desktop/Embedded-System-Project-DAT096/Board_2/Board_2/Board_2.runs/synth_1/.Xil/Vivado-2100-FY-6302-09/realtime/design_2_util_ds_buf_0_0_stub.vhdl:6' bound to instance 'util_ds_buf_0' of component 'design_2_util_ds_buf_0_0' [c:/Users/qianzha/Desktop/Embedded-System-Project-DAT096/Board_2/Board_2/Board_2.gen/sources_1/bd/design_2/synth/design_2.vhd:242]
INFO: [Synth 8-638] synthesizing module 'design_2_util_ds_buf_0_0' [C:/Users/qianzha/Desktop/Embedded-System-Project-DAT096/Board_2/Board_2/Board_2.runs/synth_1/.Xil/Vivado-2100-FY-6302-09/realtime/design_2_util_ds_buf_0_0_stub.vhdl:21]
INFO: [Synth 8-3491] module 'design_2_xlconstant_0_1' declared at 'c:/Users/qianzha/Desktop/Embedded-System-Project-DAT096/Board_2/Board_2/Board_2.gen/sources_1/bd/design_2/ip/design_2_xlconstant_0_1/synth/design_2_xlconstant_0_1.v:53' bound to instance 'xlconstant_0' of component 'design_2_xlconstant_0_1' [c:/Users/qianzha/Desktop/Embedded-System-Project-DAT096/Board_2/Board_2/Board_2.gen/sources_1/bd/design_2/synth/design_2.vhd:248]
INFO: [Synth 8-6157] synthesizing module 'design_2_xlconstant_0_1' [c:/Users/qianzha/Desktop/Embedded-System-Project-DAT096/Board_2/Board_2/Board_2.gen/sources_1/bd/design_2/ip/design_2_xlconstant_0_1/synth/design_2_xlconstant_0_1.v:53]
INFO: [Synth 8-6157] synthesizing module 'xlconstant_v1_1_9_xlconstant' [c:/Users/qianzha/Desktop/Embedded-System-Project-DAT096/Board_2/Board_2/Board_2.gen/sources_1/bd/design_2/ipshared/e2d2/hdl/xlconstant_v1_1_vl_rfs.v:68]
INFO: [Synth 8-6155] done synthesizing module 'xlconstant_v1_1_9_xlconstant' (0#1) [c:/Users/qianzha/Desktop/Embedded-System-Project-DAT096/Board_2/Board_2/Board_2.gen/sources_1/bd/design_2/ipshared/e2d2/hdl/xlconstant_v1_1_vl_rfs.v:68]
INFO: [Synth 8-6155] done synthesizing module 'design_2_xlconstant_0_1' (0#1) [c:/Users/qianzha/Desktop/Embedded-System-Project-DAT096/Board_2/Board_2/Board_2.gen/sources_1/bd/design_2/ip/design_2_xlconstant_0_1/synth/design_2_xlconstant_0_1.v:53]
INFO: [Synth 8-3491] module 'design_2_xlconstant_1_0' declared at 'c:/Users/qianzha/Desktop/Embedded-System-Project-DAT096/Board_2/Board_2/Board_2.gen/sources_1/bd/design_2/ip/design_2_xlconstant_1_0/synth/design_2_xlconstant_1_0.v:53' bound to instance 'xlconstant_1' of component 'design_2_xlconstant_1_0' [c:/Users/qianzha/Desktop/Embedded-System-Project-DAT096/Board_2/Board_2/Board_2.gen/sources_1/bd/design_2/synth/design_2.vhd:252]
INFO: [Synth 8-6157] synthesizing module 'design_2_xlconstant_1_0' [c:/Users/qianzha/Desktop/Embedded-System-Project-DAT096/Board_2/Board_2/Board_2.gen/sources_1/bd/design_2/ip/design_2_xlconstant_1_0/synth/design_2_xlconstant_1_0.v:53]
INFO: [Synth 8-6157] synthesizing module 'xlconstant_v1_1_9_xlconstant__parameterized0' [c:/Users/qianzha/Desktop/Embedded-System-Project-DAT096/Board_2/Board_2/Board_2.gen/sources_1/bd/design_2/ipshared/e2d2/hdl/xlconstant_v1_1_vl_rfs.v:68]
INFO: [Synth 8-6155] done synthesizing module 'xlconstant_v1_1_9_xlconstant__parameterized0' (0#1) [c:/Users/qianzha/Desktop/Embedded-System-Project-DAT096/Board_2/Board_2/Board_2.gen/sources_1/bd/design_2/ipshared/e2d2/hdl/xlconstant_v1_1_vl_rfs.v:68]
INFO: [Synth 8-6155] done synthesizing module 'design_2_xlconstant_1_0' (0#1) [c:/Users/qianzha/Desktop/Embedded-System-Project-DAT096/Board_2/Board_2/Board_2.gen/sources_1/bd/design_2/ip/design_2_xlconstant_1_0/synth/design_2_xlconstant_1_0.v:53]
INFO: [Synth 8-3491] module 'design_2_xlconstant_2_0' declared at 'c:/Users/qianzha/Desktop/Embedded-System-Project-DAT096/Board_2/Board_2/Board_2.gen/sources_1/bd/design_2/ip/design_2_xlconstant_2_0/synth/design_2_xlconstant_2_0.v:53' bound to instance 'xlconstant_2' of component 'design_2_xlconstant_2_0' [c:/Users/qianzha/Desktop/Embedded-System-Project-DAT096/Board_2/Board_2/Board_2.gen/sources_1/bd/design_2/synth/design_2.vhd:256]
INFO: [Synth 8-6157] synthesizing module 'design_2_xlconstant_2_0' [c:/Users/qianzha/Desktop/Embedded-System-Project-DAT096/Board_2/Board_2/Board_2.gen/sources_1/bd/design_2/ip/design_2_xlconstant_2_0/synth/design_2_xlconstant_2_0.v:53]
INFO: [Synth 8-6155] done synthesizing module 'design_2_xlconstant_2_0' (0#1) [c:/Users/qianzha/Desktop/Embedded-System-Project-DAT096/Board_2/Board_2/Board_2.gen/sources_1/bd/design_2/ip/design_2_xlconstant_2_0/synth/design_2_xlconstant_2_0.v:53]
INFO: [Synth 8-256] done synthesizing module 'design_2' (0#1) [c:/Users/qianzha/Desktop/Embedded-System-Project-DAT096/Board_2/Board_2/Board_2.gen/sources_1/bd/design_2/synth/design_2.vhd:44]
INFO: [Synth 8-256] done synthesizing module 'design_2_wrapper' (0#1) [c:/Users/qianzha/Desktop/Embedded-System-Project-DAT096/Board_2/Board_2/Board_2.gen/sources_1/bd/design_2/hdl/design_2_wrapper.vhd:40]
---------------------------------------------------------------------------------
Finished RTL Elaboration : Time (s): cpu = 00:00:03 ; elapsed = 00:00:04 . Memory (MB): peak = 1242.402 ; gain = 586.660
---------------------------------------------------------------------------------
---------------------------------------------------------------------------------
Start Handling Custom Attributes
---------------------------------------------------------------------------------
---------------------------------------------------------------------------------
Finished Handling Custom Attributes : Time (s): cpu = 00:00:03 ; elapsed = 00:00:04 . Memory (MB): peak = 1242.402 ; gain = 586.660
---------------------------------------------------------------------------------
---------------------------------------------------------------------------------
Finished RTL Optimization Phase 1 : Time (s): cpu = 00:00:03 ; elapsed = 00:00:04 . Memory (MB): peak = 1242.402 ; gain = 586.660
---------------------------------------------------------------------------------
Netlist sorting complete. Time (s): cpu = 00:00:00 ; elapsed = 00:00:00 . Memory (MB): peak = 1242.402 ; gain = 0.000
INFO: [Project 1-570] Preparing netlist for logic optimization

Processing XDC Constraints
Initializing timing engine
Parsing XDC File [c:/Users/qianzha/Desktop/Embedded-System-Project-DAT096/Board_2/Board_2/Board_2.gen/sources_1/bd/design_2/ip/design_2_ZmodScopeController_0_1/design_2_ZmodScopeController_0_1/design_2_ZmodScopeController_0_1_in_context.xdc] for cell 'design_2_i/ZmodScopeController_0'
Finished Parsing XDC File [c:/Users/qianzha/Desktop/Embedded-System-Project-DAT096/Board_2/Board_2/Board_2.gen/sources_1/bd/design_2/ip/design_2_ZmodScopeController_0_1/design_2_ZmodScopeController_0_1/design_2_ZmodScopeController_0_1_in_context.xdc] for cell 'design_2_i/ZmodScopeController_0'
Parsing XDC File [c:/Users/qianzha/Desktop/Embedded-System-Project-DAT096/Board_2/Board_2/Board_2.gen/sources_1/bd/design_2/ip/design_2_clk_wiz_0_1/design_2_clk_wiz_0_1/design_2_clk_wiz_0_1_in_context.xdc] for cell 'design_2_i/clk_wiz_0'
Finished Parsing XDC File [c:/Users/qianzha/Desktop/Embedded-System-Project-DAT096/Board_2/Board_2/Board_2.gen/sources_1/bd/design_2/ip/design_2_clk_wiz_0_1/design_2_clk_wiz_0_1/design_2_clk_wiz_0_1_in_context.xdc] for cell 'design_2_i/clk_wiz_0'
Parsing XDC File [c:/Users/qianzha/Desktop/Embedded-System-Project-DAT096/Board_2/Board_2/Board_2.gen/sources_1/bd/design_2/ip/design_2_ila_0_0/design_2_ila_0_0/design_2_ila_0_0_in_context.xdc] for cell 'design_2_i/ila_0'
Finished Parsing XDC File [c:/Users/qianzha/Desktop/Embedded-System-Project-DAT096/Board_2/Board_2/Board_2.gen/sources_1/bd/design_2/ip/design_2_ila_0_0/design_2_ila_0_0/design_2_ila_0_0_in_context.xdc] for cell 'design_2_i/ila_0'
Parsing XDC File [c:/Users/qianzha/Desktop/Embedded-System-Project-DAT096/Board_2/Board_2/Board_2.gen/sources_1/bd/design_2/ip/design_2_util_ds_buf_0_0/design_2_util_ds_buf_0_0/design_2_util_ds_buf_0_0_in_context.xdc] for cell 'design_2_i/util_ds_buf_0'
Finished Parsing XDC File [c:/Users/qianzha/Desktop/Embedded-System-Project-DAT096/Board_2/Board_2/Board_2.gen/sources_1/bd/design_2/ip/design_2_util_ds_buf_0_0/design_2_util_ds_buf_0_0/design_2_util_ds_buf_0_0_in_context.xdc] for cell 'design_2_i/util_ds_buf_0'
Parsing XDC File [c:/Users/qianzha/Desktop/Embedded-System-Project-DAT096/Board_2/Board_2/Board_2.gen/sources_1/bd/design_2/ip/design_2_axis_register_slice_0_0/design_2_axis_register_slice_0_0/design_2_axis_register_slice_0_0_in_context.xdc] for cell 'design_2_i/axis_register_slice_0'
Finished Parsing XDC File [c:/Users/qianzha/Desktop/Embedded-System-Project-DAT096/Board_2/Board_2/Board_2.gen/sources_1/bd/design_2/ip/design_2_axis_register_slice_0_0/design_2_axis_register_slice_0_0/design_2_axis_register_slice_0_0_in_context.xdc] for cell 'design_2_i/axis_register_slice_0'
Parsing XDC File [C:/Users/qianzha/Desktop/Embedded-System-Project-DAT096/Board_2/Board_2/Board_2.srcs/constrs_1/new/Board_2.xdc]
Finished Parsing XDC File [C:/Users/qianzha/Desktop/Embedded-System-Project-DAT096/Board_2/Board_2/Board_2.srcs/constrs_1/new/Board_2.xdc]
INFO: [Project 1-236] Implementation specific constraints were found while reading constraint file [C:/Users/qianzha/Desktop/Embedded-System-Project-DAT096/Board_2/Board_2/Board_2.srcs/constrs_1/new/Board_2.xdc]. These constraints will be ignored for synthesis but will be used in implementation. Impacted constraints are listed in the file [.Xil/design_2_wrapper_propImpl.xdc].
Resolution: To avoid this warning, move constraints listed in [.Xil/design_2_wrapper_propImpl.xdc] to another XDC file and exclude this new file from synthesis with the used_in_synthesis property (File Properties dialog in GUI) and re-run elaboration/synthesis.
Parsing XDC File [C:/Users/qianzha/Desktop/Embedded-System-Project-DAT096/Board_2/Board_2/Board_2.runs/synth_1/dont_touch.xdc]
Finished Parsing XDC File [C:/Users/qianzha/Desktop/Embedded-System-Project-DAT096/Board_2/Board_2/Board_2.runs/synth_1/dont_touch.xdc]
Completed Processing XDC Constraints

Netlist sorting complete. Time (s): cpu = 00:00:00 ; elapsed = 00:00:00 . Memory (MB): peak = 1244.945 ; gain = 0.000
INFO: [Project 1-111] Unisim Transformation Summary:
No Unisim elements were transformed.

Constraint Validation Runtime : Time (s): cpu = 00:00:00 ; elapsed = 00:00:00.004 . Memory (MB): peak = 1244.945 ; gain = 0.000
INFO: [Designutils 20-5440] No compile time benefit to using incremental synthesis; A full resynthesis will be run
INFO: [Designutils 20-4379] Flow is switching to default flow due to incremental criteria not met. If you would like to alter this behaviour and have the flow terminate instead, please set the following parameter config_implementation {autoIncr.Synth.RejectBehavior Terminate}
---------------------------------------------------------------------------------
Finished Constraint Validation : Time (s): cpu = 00:00:08 ; elapsed = 00:00:09 . Memory (MB): peak = 1244.945 ; gain = 589.203
---------------------------------------------------------------------------------
---------------------------------------------------------------------------------
Start Loading Part and Timing Information
---------------------------------------------------------------------------------
Loading part: xc7z020clg484-1
---------------------------------------------------------------------------------
Finished Loading Part and Timing Information : Time (s): cpu = 00:00:08 ; elapsed = 00:00:09 . Memory (MB): peak = 1244.945 ; gain = 589.203
---------------------------------------------------------------------------------
---------------------------------------------------------------------------------
Start Applying 'set_property' XDC Constraints
---------------------------------------------------------------------------------
Applied set_property IO_BUFFER_TYPE = NONE for ZmodAdcClkIn_n_0. (constraint file  c:/Users/qianzha/Desktop/Embedded-System-Project-DAT096/Board_2/Board_2/Board_2.gen/sources_1/bd/design_2/ip/design_2_ZmodScopeController_0_1/design_2_ZmodScopeController_0_1/design_2_ZmodScopeController_0_1_in_context.xdc, line 3).
Applied set_property CLOCK_BUFFER_TYPE = NONE for ZmodAdcClkIn_n_0. (constraint file  c:/Users/qianzha/Desktop/Embedded-System-Project-DAT096/Board_2/Board_2/Board_2.gen/sources_1/bd/design_2/ip/design_2_ZmodScopeController_0_1/design_2_ZmodScopeController_0_1/design_2_ZmodScopeController_0_1_in_context.xdc, line 4).
Applied set_property IO_BUFFER_TYPE = NONE for ZmodAdcClkIn_p_0. (constraint file  c:/Users/qianzha/Desktop/Embedded-System-Project-DAT096/Board_2/Board_2/Board_2.gen/sources_1/bd/design_2/ip/design_2_ZmodScopeController_0_1/design_2_ZmodScopeController_0_1/design_2_ZmodScopeController_0_1_in_context.xdc, line 5).
Applied set_property CLOCK_BUFFER_TYPE = NONE for ZmodAdcClkIn_p_0. (constraint file  c:/Users/qianzha/Desktop/Embedded-System-Project-DAT096/Board_2/Board_2/Board_2.gen/sources_1/bd/design_2/ip/design_2_ZmodScopeController_0_1/design_2_ZmodScopeController_0_1/design_2_ZmodScopeController_0_1_in_context.xdc, line 6).
Applied set_property IO_BUFFER_TYPE = NONE for sZmodADC_SDIO_0. (constraint file  c:/Users/qianzha/Desktop/Embedded-System-Project-DAT096/Board_2/Board_2/Board_2.gen/sources_1/bd/design_2/ip/design_2_ZmodScopeController_0_1/design_2_ZmodScopeController_0_1/design_2_ZmodScopeController_0_1_in_context.xdc, line 7).
Applied set_property CLOCK_BUFFER_TYPE = NONE for sZmodADC_SDIO_0. (constraint file  c:/Users/qianzha/Desktop/Embedded-System-Project-DAT096/Board_2/Board_2/Board_2.gen/sources_1/bd/design_2/ip/design_2_ZmodScopeController_0_1/design_2_ZmodScopeController_0_1/design_2_ZmodScopeController_0_1_in_context.xdc, line 8).
Applied set_property IO_BUFFER_TYPE = NONE for sys_clk. (constraint file  c:/Users/qianzha/Desktop/Embedded-System-Project-DAT096/Board_2/Board_2/Board_2.gen/sources_1/bd/design_2/ip/design_2_clk_wiz_0_1/design_2_clk_wiz_0_1/design_2_clk_wiz_0_1_in_context.xdc, line 3).
Applied set_property CLOCK_BUFFER_TYPE = NONE for sys_clk. (constraint file  c:/Users/qianzha/Desktop/Embedded-System-Project-DAT096/Board_2/Board_2/Board_2.gen/sources_1/bd/design_2/ip/design_2_clk_wiz_0_1/design_2_clk_wiz_0_1/design_2_clk_wiz_0_1_in_context.xdc, line 4).
Applied set_property IO_BUFFER_TYPE = NONE for adc_dco_n. (constraint file  c:/Users/qianzha/Desktop/Embedded-System-Project-DAT096/Board_2/Board_2/Board_2.gen/sources_1/bd/design_2/ip/design_2_util_ds_buf_0_0/design_2_util_ds_buf_0_0/design_2_util_ds_buf_0_0_in_context.xdc, line 2).
Applied set_property CLOCK_BUFFER_TYPE = NONE for adc_dco_n. (constraint file  c:/Users/qianzha/Desktop/Embedded-System-Project-DAT096/Board_2/Board_2/Board_2.gen/sources_1/bd/design_2/ip/design_2_util_ds_buf_0_0/design_2_util_ds_buf_0_0/design_2_util_ds_buf_0_0_in_context.xdc, line 3).
Applied set_property IO_BUFFER_TYPE = NONE for adc_dco_p. (constraint file  c:/Users/qianzha/Desktop/Embedded-System-Project-DAT096/Board_2/Board_2/Board_2.gen/sources_1/bd/design_2/ip/design_2_util_ds_buf_0_0/design_2_util_ds_buf_0_0/design_2_util_ds_buf_0_0_in_context.xdc, line 4).
Applied set_property CLOCK_BUFFER_TYPE = NONE for adc_dco_p. (constraint file  c:/Users/qianzha/Desktop/Embedded-System-Project-DAT096/Board_2/Board_2/Board_2.gen/sources_1/bd/design_2/ip/design_2_util_ds_buf_0_0/design_2_util_ds_buf_0_0/design_2_util_ds_buf_0_0_in_context.xdc, line 5).
Applied set_property KEEP_HIERARCHY = SOFT for design_2_i. (constraint file  auto generated constraint).
Applied set_property KEEP_HIERARCHY = SOFT for design_2_i/ZmodScopeController_0. (constraint file  auto generated constraint).
Applied set_property KEEP_HIERARCHY = SOFT for design_2_i/clk_wiz_0. (constraint file  auto generated constraint).
Applied set_property KEEP_HIERARCHY = SOFT for design_2_i/xlconstant_0. (constraint file  auto generated constraint).
Applied set_property KEEP_HIERARCHY = SOFT for design_2_i/xlconstant_1. (constraint file  auto generated constraint).
Applied set_property KEEP_HIERARCHY = SOFT for design_2_i/ila_0. (constraint file  auto generated constraint).
Applied set_property KEEP_HIERARCHY = SOFT for design_2_i/util_ds_buf_0. (constraint file  auto generated constraint).
Applied set_property KEEP_HIERARCHY = SOFT for design_2_i/axis_register_slice_0. (constraint file  auto generated constraint).
Applied set_property KEEP_HIERARCHY = SOFT for design_2_i/xlconstant_2. (constraint file  auto generated constraint).
---------------------------------------------------------------------------------
Finished applying 'set_property' XDC Constraints : Time (s): cpu = 00:00:08 ; elapsed = 00:00:09 . Memory (MB): peak = 1244.945 ; gain = 589.203
---------------------------------------------------------------------------------
---------------------------------------------------------------------------------
Finished RTL Optimization Phase 2 : Time (s): cpu = 00:00:08 ; elapsed = 00:00:09 . Memory (MB): peak = 1244.945 ; gain = 589.203
---------------------------------------------------------------------------------
---------------------------------------------------------------------------------
Start RTL Component Statistics 
---------------------------------------------------------------------------------
Detailed RTL Component Info : 
---------------------------------------------------------------------------------
Finished RTL Component Statistics 
---------------------------------------------------------------------------------
---------------------------------------------------------------------------------
Start Part Resource Summary
---------------------------------------------------------------------------------
Part Resources:
DSPs: 220 (col length:60)
BRAMs: 280 (col length: RAMB18 60 RAMB36 30)
---------------------------------------------------------------------------------
Finished Part Resource Summary
---------------------------------------------------------------------------------
---------------------------------------------------------------------------------
Start Cross Boundary and Area Optimization
---------------------------------------------------------------------------------
WARNING: [Synth 8-7080] Parallel synthesis criteria is not met
---------------------------------------------------------------------------------
Finished Cross Boundary and Area Optimization : Time (s): cpu = 00:00:09 ; elapsed = 00:00:10 . Memory (MB): peak = 1244.945 ; gain = 589.203
---------------------------------------------------------------------------------
---------------------------------------------------------------------------------
Start Applying XDC Timing Constraints
---------------------------------------------------------------------------------
---------------------------------------------------------------------------------
Finished Applying XDC Timing Constraints : Time (s): cpu = 00:00:12 ; elapsed = 00:00:13 . Memory (MB): peak = 1404.137 ; gain = 748.395
---------------------------------------------------------------------------------
---------------------------------------------------------------------------------
Start Timing Optimization
---------------------------------------------------------------------------------
---------------------------------------------------------------------------------
Finished Timing Optimization : Time (s): cpu = 00:00:12 ; elapsed = 00:00:13 . Memory (MB): peak = 1404.137 ; gain = 748.395
---------------------------------------------------------------------------------
---------------------------------------------------------------------------------
Start Technology Mapping
---------------------------------------------------------------------------------
---------------------------------------------------------------------------------
Finished Technology Mapping : Time (s): cpu = 00:00:12 ; elapsed = 00:00:13 . Memory (MB): peak = 1413.719 ; gain = 757.977
---------------------------------------------------------------------------------
---------------------------------------------------------------------------------
Start IO Insertion
---------------------------------------------------------------------------------
---------------------------------------------------------------------------------
Start Flattening Before IO Insertion
---------------------------------------------------------------------------------
---------------------------------------------------------------------------------
Finished Flattening Before IO Insertion
---------------------------------------------------------------------------------
---------------------------------------------------------------------------------
Start Final Netlist Cleanup
---------------------------------------------------------------------------------
---------------------------------------------------------------------------------
Finished Final Netlist Cleanup
---------------------------------------------------------------------------------
---------------------------------------------------------------------------------
Finished IO Insertion : Time (s): cpu = 00:00:14 ; elapsed = 00:00:15 . Memory (MB): peak = 1630.246 ; gain = 974.504
---------------------------------------------------------------------------------
---------------------------------------------------------------------------------
Start Renaming Generated Instances
---------------------------------------------------------------------------------
---------------------------------------------------------------------------------
Finished Renaming Generated Instances : Time (s): cpu = 00:00:14 ; elapsed = 00:00:15 . Memory (MB): peak = 1630.246 ; gain = 974.504
---------------------------------------------------------------------------------
---------------------------------------------------------------------------------
Start Rebuilding User Hierarchy
---------------------------------------------------------------------------------
---------------------------------------------------------------------------------
Finished Rebuilding User Hierarchy : Time (s): cpu = 00:00:14 ; elapsed = 00:00:15 . Memory (MB): peak = 1630.246 ; gain = 974.504
---------------------------------------------------------------------------------
---------------------------------------------------------------------------------
Start Renaming Generated Ports
---------------------------------------------------------------------------------
---------------------------------------------------------------------------------
Finished Renaming Generated Ports : Time (s): cpu = 00:00:14 ; elapsed = 00:00:15 . Memory (MB): peak = 1630.246 ; gain = 974.504
---------------------------------------------------------------------------------
---------------------------------------------------------------------------------
Start Handling Custom Attributes
---------------------------------------------------------------------------------
---------------------------------------------------------------------------------
Finished Handling Custom Attributes : Time (s): cpu = 00:00:14 ; elapsed = 00:00:15 . Memory (MB): peak = 1630.246 ; gain = 974.504
---------------------------------------------------------------------------------
---------------------------------------------------------------------------------
Start Renaming Generated Nets
---------------------------------------------------------------------------------
---------------------------------------------------------------------------------
Finished Renaming Generated Nets : Time (s): cpu = 00:00:14 ; elapsed = 00:00:15 . Memory (MB): peak = 1630.246 ; gain = 974.504
---------------------------------------------------------------------------------
---------------------------------------------------------------------------------
Start Writing Synthesis Report
---------------------------------------------------------------------------------

Report BlackBoxes: 
+------+---------------------------------+----------+
|      |BlackBox name                    |Instances |
+------+---------------------------------+----------+
|1     |design_2_ZmodScopeController_0_1 |         1|
|2     |design_2_axis_register_slice_0_0 |         1|
|3     |design_2_clk_wiz_0_1             |         1|
|4     |design_2_ila_0_0                 |         1|
|5     |design_2_util_ds_buf_0_0         |         1|
+------+---------------------------------+----------+

Report Cell Usage: 
+------+--------------------------------------+------+
|      |Cell                                  |Count |
+------+--------------------------------------+------+
|1     |design_2_ZmodScopeController_0_1_bbox |     1|
|2     |design_2_axis_register_slice_0_0_bbox |     1|
|3     |design_2_clk_wiz_0_1_bbox             |     1|
|4     |design_2_ila_0_0_bbox                 |     1|
|5     |design_2_util_ds_buf_0_0_bbox         |     1|
|6     |LUT1                                  |     1|
|7     |IBUF                                  |    14|
|8     |OBUF                                  |    13|
+------+--------------------------------------+------+
---------------------------------------------------------------------------------
Finished Writing Synthesis Report : Time (s): cpu = 00:00:14 ; elapsed = 00:00:15 . Memory (MB): peak = 1630.246 ; gain = 974.504
---------------------------------------------------------------------------------
Synthesis finished with 0 errors, 0 critical warnings and 1 warnings.
Synthesis Optimization Runtime : Time (s): cpu = 00:00:09 ; elapsed = 00:00:14 . Memory (MB): peak = 1630.246 ; gain = 971.961
Synthesis Optimization Complete : Time (s): cpu = 00:00:14 ; elapsed = 00:00:16 . Memory (MB): peak = 1630.246 ; gain = 974.504
INFO: [Project 1-571] Translating synthesized netlist
Netlist sorting complete. Time (s): cpu = 00:00:00 ; elapsed = 00:00:00.001 . Memory (MB): peak = 1630.246 ; gain = 0.000
INFO: [Project 1-570] Preparing netlist for logic optimization
INFO: [Opt 31-138] Pushed 0 inverter(s) to 0 load pin(s).
Netlist sorting complete. Time (s): cpu = 00:00:00 ; elapsed = 00:00:00 . Memory (MB): peak = 1630.246 ; gain = 0.000
INFO: [Project 1-111] Unisim Transformation Summary:
No Unisim elements were transformed.

Synth Design complete | Checksum: 96f3f6c9
INFO: [Common 17-83] Releasing license: Synthesis
51 Infos, 2 Warnings, 0 Critical Warnings and 0 Errors encountered.
synth_design completed successfully
synth_design: Time (s): cpu = 00:00:17 ; elapsed = 00:00:21 . Memory (MB): peak = 1630.246 ; gain = 1203.855
Write ShapeDB Complete: Time (s): cpu = 00:00:00 ; elapsed = 00:00:00.001 . Memory (MB): peak = 1630.246 ; gain = 0.000
INFO: [Common 17-1381] The checkpoint 'C:/Users/qianzha/Desktop/Embedded-System-Project-DAT096/Board_2/Board_2/Board_2.runs/synth_1/design_2_wrapper.dcp' has been generated.
INFO: [Vivado 12-24828] Executing command : report_utilization -file design_2_wrapper_utilization_synth.rpt -pb design_2_wrapper_utilization_synth.pb
INFO: [Common 17-206] Exiting Vivado at Sun Mar  1 14:18:29 2026...
