#-----------------------------------------------------------
# Vivado v2024.2 (64-bit)
# SW Build 5239630 on Fri Nov 08 22:35:27 MST 2024
# IP Build 5239520 on Sun Nov 10 16:12:51 MST 2024
# SharedData Build 5239561 on Fri Nov 08 14:39:27 MST 2024
# Start of session at: Tue Mar  3 10:35:19 2026
# Process ID         : 14596
# Current directory  : C:/Users/qianzha/Desktop/Embedded-System-Project-DAT096/Board_2/Board_2
# Command line       : vivado.exe -gui_launcher_event rodinguilauncherevent18108 C:\Users\qianzha\Desktop\Embedded-System-Project-DAT096\Board_2\Board_2\Board_2.xpr
# Log file           : C:/Users/qianzha/Desktop/Embedded-System-Project-DAT096/Board_2/Board_2/vivado.log
# Journal file       : C:/Users/qianzha/Desktop/Embedded-System-Project-DAT096/Board_2/Board_2\vivado.jou
# Running On         : FY-6302-04
# Platform           : Windows Server 2016 or Windows 10
# Operating System   : 26200
# Processor Detail   : Intel(R) Core(TM) i7-14700
# CPU Frequency      : 2112 MHz
# CPU Physical cores : 20
# CPU Logical cores  : 28
# Host memory        : 34031 MB
# Swap memory        : 5100 MB
# Total Virtual      : 39131 MB
# Available Virtual  : 28285 MB
#-----------------------------------------------------------
start_gui
open_project C:/Users/qianzha/Desktop/Embedded-System-Project-DAT096/Board_2/Board_2/Board_2.xpr
WARNING: [Board 49-26] cannot add Board Part digilentinc.com:genesys2:part0:1.1 available at Z:/DAT096/vivado-boards-master/vivado-boards-master/new/board_files/genesys2/H/board.xml as part xc7k325tffg900-2 specified in board_part file is either invalid or not available
WARNING: [Board 49-26] cannot add Board Part digilentinc.com:sword:part0:1.0 available at Z:/DAT096/vivado-boards-master/vivado-boards-master/new/board_files/sword/C.0/board.xml as part xc7k325tffg900-2 specified in board_part file is either invalid or not available
Scanning sources...
Finished scanning sources
INFO: [IP_Flow 19-234] Refreshing IP repositories
INFO: [IP_Flow 19-1700] Loaded user IP repository 'z:/DAT096/vivado-library-zmod-v2-2019.1-2/vivado-library-zmod-v2-2019.1-2'.
INFO: [IP_Flow 19-2313] Loaded Vivado IP repository 'C:/Progs/Xilinx/Vivado/2024.2/data/ip'.
INFO: [Project 1-5579] Found utility IPs instantiated in one or more block designs which have equivalent inline hdl with improved performance and reduced diskspace. It is recommended to migrate these utility IPs to inline hdl using the command upgrade_project -migrate_to_inline_hdl. The utility IPs may be deprecated in future releases. More information on inline hdl is available in UG994.
open_project: Time (s): cpu = 00:00:12 ; elapsed = 00:00:15 . Memory (MB): peak = 1407.598 ; gain = 319.488
update_compile_order -fileset sources_1
WARNING: [Board 49-26] cannot add Board Part digilentinc.com:genesys2:part0:1.1 available at Z:/DAT096/vivado-boards-master/vivado-boards-master/new/board_files/genesys2/H/board.xml as part xc7k325tffg900-2 specified in board_part file is either invalid or not available
WARNING: [Board 49-26] cannot add Board Part digilentinc.com:sword:part0:1.0 available at Z:/DAT096/vivado-boards-master/vivado-boards-master/new/board_files/sword/C.0/board.xml as part xc7k325tffg900-2 specified in board_part file is either invalid or not available
WARNING: [Board 49-26] cannot add Board Part digilentinc.com:genesys2:part0:1.1 available at Z:/DAT096/vivado-boards-master/vivado-boards-master/new/board_files/genesys2/H/board.xml as part xc7k325tffg900-2 specified in board_part file is either invalid or not available
WARNING: [Board 49-26] cannot add Board Part digilentinc.com:sword:part0:1.0 available at Z:/DAT096/vivado-boards-master/vivado-boards-master/new/board_files/sword/C.0/board.xml as part xc7k325tffg900-2 specified in board_part file is either invalid or not available
WARNING: [Board 49-26] cannot add Board Part digilentinc.com:genesys2:part0:1.1 available at Z:/DAT096/vivado-boards-master/vivado-boards-master/new/board_files/genesys2/H/board.xml as part xc7k325tffg900-2 specified in board_part file is either invalid or not available
WARNING: [Board 49-26] cannot add Board Part digilentinc.com:sword:part0:1.0 available at Z:/DAT096/vivado-boards-master/vivado-boards-master/new/board_files/sword/C.0/board.xml as part xc7k325tffg900-2 specified in board_part file is either invalid or not available
open_bd_design {C:/Users/qianzha/Desktop/Embedded-System-Project-DAT096/Board_2/Board_2/Board_2.srcs/sources_1/bd/design_2/design_2.bd}
Reading block design file <C:/Users/qianzha/Desktop/Embedded-System-Project-DAT096/Board_2/Board_2/Board_2.srcs/sources_1/bd/design_2/design_2.bd>...
Adding component instance block -- digilent.com:user:ZmodScopeController:1.0 - ZmodScopeController_0
Adding component instance block -- xilinx.com:ip:clk_wiz:6.0 - clk_wiz_0
Adding component instance block -- xilinx.com:ip:xlconstant:1.1 - xlconstant_0
Adding component instance block -- xilinx.com:ip:xlconstant:1.1 - xlconstant_1
Adding component instance block -- xilinx.com:ip:ila:6.2 - ila_0
INFO: [xilinx.com:ip:ila:6.2-6] /ila_0: AMD recommends using the System ILA IP in IP Integrator. The System ILA IP is functionally equivalent to an ILA and offers additional benefits in debugging interfaces both within IP Integrator and the Hardware Manager. Consult the Programming and Debug User Guide UG908 for further details.
Adding component instance block -- xilinx.com:ip:axis_register_slice:1.1 - axis_register_slice_0
Adding component instance block -- xilinx.com:ip:xlconstant:1.1 - xlconstant_2
Adding component instance block -- xilinx.com:ip:util_ds_buf:2.2 - util_ds_buf_0
Adding component instance block -- xilinx.com:ip:util_ds_buf:2.2 - util_ds_buf_1
Successfully read diagram <design_2> from block design file <C:/Users/qianzha/Desktop/Embedded-System-Project-DAT096/Board_2/Board_2/Board_2.srcs/sources_1/bd/design_2/design_2.bd>
startgroup
create_bd_cell -type ip -vlnv xilinx.com:ip:processing_system7:5.5 processing_system7_0
endgroup
set_property location {1 240 -972} [get_bd_cells processing_system7_0]
delete_bd_objs [get_bd_cells util_ds_buf_1]
delete_bd_objs [get_bd_cells util_ds_buf_0]
delete_bd_objs [get_bd_nets axis_register_slice_0_m_axis_tvalid] [get_bd_nets axis_register_slice_0_m_axis_tdata] [get_bd_intf_nets ZmodScopeController_0_DataStream] [get_bd_cells axis_register_slice_0]
delete_bd_objs [get_bd_nets util_ds_buf_0_IBUF_OUT]
delete_bd_objs [get_bd_nets xlconstant_1_dout]
delete_bd_objs [get_bd_cells xlconstant_1]
startgroup
make_bd_pins_external  [get_bd_pins ZmodScopeController_0/ZmodDcoClk]
endgroup
set_property location {-94 -397} [get_bd_ports sZmodRelayComL_0]
undo
INFO: [Common 17-17] undo 'set_property location {-94 -397} [get_bd_ports sZmodRelayComL_0]'
set_property location {-67 -383} [get_bd_ports dZmodADC_Data_0]
set_property location {2136 -397} [get_bd_ports sZmodRelayComL_0]
delete_bd_objs [get_bd_nets Net1] [get_bd_cells xlconstant_2]
set_property location {1.5 389 -786} [get_bd_cells processing_system7_0]
set_property location {3 1132 -335} [get_bd_cells xlconstant_0]
delete_bd_objs [get_bd_nets util_ds_buf_1_BUFG_O]
set_property location {3 1080 -649} [get_bd_cells clk_wiz_0]
delete_bd_objs [get_bd_nets sys_clk_1]
delete_bd_objs [get_bd_nets clk_wiz_0_clk_out1]
set_property location {1 216 -993} [get_bd_cells clk_wiz_0]
set_property location {2 929 -618} [get_bd_cells processing_system7_0]
delete_bd_objs [get_bd_nets ZmodScopeController_0_sConfigError]
delete_bd_objs [get_bd_nets ZmodScopeController_0_sInitDoneADC]
set_property location {2 876 -1003} [get_bd_cells ila_0]
WARNING: [IP_Flow 19-474] Invalid Parameter 'Component_Name'
delete_bd_objs [get_bd_nets xlconstant_0_dout] [get_bd_cells xlconstant_0]
WARNING: [IP_Flow 19-474] Invalid Parameter 'Component_Name'
WARNING: [IP_Flow 19-474] Invalid Parameter 'Component_Name'
WARNING: [IP_Flow 19-474] Invalid Parameter 'Component_Name'
apply_bd_automation -rule xilinx.com:bd_rule:processing_system7 -config {make_external "FIXED_IO, DDR" apply_board_preset "1" Master "Disable" Slave "Disable" }  [get_bd_cells processing_system7_0]
WARNING: [IP_Flow 19-474] Invalid Parameter 'Component_Name'
startgroup
set_property CONFIG.PCW_USE_S_AXI_HP0 {1} [get_bd_cells processing_system7_0]
endgroup
regenerate_bd_layout
undo
INFO: [Common 17-17] undo 'regenerate_bd_layout'
WARNING: [IP_Flow 19-474] Invalid Parameter 'Component_Name'
save_bd_design
Wrote  : <C:\Users\qianzha\Desktop\Embedded-System-Project-DAT096\Board_2\Board_2\Board_2.srcs\sources_1\bd\design_2\design_2.bd> 
Wrote  : <C:/Users/qianzha/Desktop/Embedded-System-Project-DAT096/Board_2/Board_2/Board_2.srcs/sources_1/bd/design_2/ui/bd_1fdbff51.ui> 
exit
INFO: [Common 17-206] Exiting Vivado at Tue Mar  3 11:07:21 2026...
