#-----------------------------------------------------------
# Vivado v2024.2 (64-bit)
# SW Build 5239630 on Fri Nov 08 22:35:27 MST 2024
# IP Build 5239520 on Sun Nov 10 16:12:51 MST 2024
# SharedData Build 5239561 on Fri Nov 08 14:39:27 MST 2024
# Start of session at: Tue Mar  3 09:32:52 2026
# Process ID         : 20140
# Current directory  : C:/Users/qianzha/Desktop/Embedded-System-Project-DAT096/Board_2/Board_2
# Command line       : vivado.exe -gui_launcher_event rodinguilauncherevent19680 C:\Users\qianzha\Desktop\Embedded-System-Project-DAT096\Board_2\Board_2\Board_2.xpr
# Log file           : C:/Users/qianzha/Desktop/Embedded-System-Project-DAT096/Board_2/Board_2/vivado.log
# Journal file       : C:/Users/qianzha/Desktop/Embedded-System-Project-DAT096/Board_2/Board_2\vivado.jou
# Running On         : FY-6302-04
# Platform           : Windows Server 2016 or Windows 10
# Operating System   : 26200
# Processor Detail   : Intel(R) Core(TM) i7-14700
# CPU Frequency      : 2112 MHz
# CPU Physical cores : 20
# CPU Logical cores  : 28
# Host memory        : 34031 MB
# Swap memory        : 5100 MB
# Total Virtual      : 39131 MB
# Available Virtual  : 32327 MB
#-----------------------------------------------------------
start_gui
open_project C:/Users/qianzha/Desktop/Embedded-System-Project-DAT096/Board_2/Board_2/Board_2.xpr
Scanning sources...
Finished scanning sources
WARNING: [Board 49-26] cannot add Board Part digilentinc.com:genesys2:part0:1.1 available at Z:/DAT096/vivado-boards-master/vivado-boards-master/new/board_files/genesys2/H/board.xml as part xc7k325tffg900-2 specified in board_part file is either invalid or not available
WARNING: [Board 49-26] cannot add Board Part digilentinc.com:sword:part0:1.0 available at Z:/DAT096/vivado-boards-master/vivado-boards-master/new/board_files/sword/C.0/board.xml as part xc7k325tffg900-2 specified in board_part file is either invalid or not available
INFO: [IP_Flow 19-234] Refreshing IP repositories
INFO: [IP_Flow 19-1700] Loaded user IP repository 'z:/DAT096/vivado-library-zmod-v2-2019.1-2/vivado-library-zmod-v2-2019.1-2'.
INFO: [IP_Flow 19-2313] Loaded Vivado IP repository 'C:/Progs/Xilinx/Vivado/2024.2/data/ip'.
INFO: [Project 1-5579] Found utility IPs instantiated in one or more block designs which have equivalent inline hdl with improved performance and reduced diskspace. It is recommended to migrate these utility IPs to inline hdl using the command upgrade_project -migrate_to_inline_hdl. The utility IPs may be deprecated in future releases. More information on inline hdl is available in UG994.
open_project: Time (s): cpu = 00:00:14 ; elapsed = 00:00:24 . Memory (MB): peak = 1435.918 ; gain = 362.480
update_compile_order -fileset sources_1
open_bd_design {C:/Users/qianzha/Desktop/Embedded-System-Project-DAT096/Board_2/Board_2/Board_2.srcs/sources_1/bd/design_2/design_2.bd}
Reading block design file <C:/Users/qianzha/Desktop/Embedded-System-Project-DAT096/Board_2/Board_2/Board_2.srcs/sources_1/bd/design_2/design_2.bd>...
Adding component instance block -- digilent.com:user:ZmodScopeController:1.0 - ZmodScopeController_0
Adding component instance block -- xilinx.com:ip:clk_wiz:6.0 - clk_wiz_0
Adding component instance block -- xilinx.com:ip:xlconstant:1.1 - xlconstant_0
Adding component instance block -- xilinx.com:ip:xlconstant:1.1 - xlconstant_1
Adding component instance block -- xilinx.com:ip:ila:6.2 - ila_0
INFO: [xilinx.com:ip:ila:6.2-6] /ila_0: AMD recommends using the System ILA IP in IP Integrator. The System ILA IP is functionally equivalent to an ILA and offers additional benefits in debugging interfaces both within IP Integrator and the Hardware Manager. Consult the Programming and Debug User Guide UG908 for further details.
Adding component instance block -- xilinx.com:ip:util_ds_buf:2.2 - util_ds_buf_0
Adding component instance block -- xilinx.com:ip:axis_register_slice:1.1 - axis_register_slice_0
Adding component instance block -- xilinx.com:ip:xlconstant:1.1 - xlconstant_2
Successfully read diagram <design_2> from block design file <C:/Users/qianzha/Desktop/Embedded-System-Project-DAT096/Board_2/Board_2/Board_2.srcs/sources_1/bd/design_2/design_2.bd>
open_bd_design: Time (s): cpu = 00:00:05 ; elapsed = 00:00:06 . Memory (MB): peak = 1561.383 ; gain = 113.344
delete_bd_objs [get_bd_nets util_ds_buf_0_IBUF_OUT]
set_property location {0.5 255 -466} [get_bd_cells util_ds_buf_0]
delete_bd_objs [get_bd_nets adc_dco_p_1] [get_bd_nets adc_dco_n_1] [get_bd_cells util_ds_buf_0]
delete_bd_objs [get_bd_ports adc_dco_n]
delete_bd_objs [get_bd_ports adc_dco_p]
undo
INFO: [Common 17-17] undo 'delete_bd_objs [get_bd_ports adc_dco_p]'
undo
INFO: [Common 17-17] undo 'delete_bd_objs [get_bd_ports adc_dco_n]'
undo
INFO: [Common 17-17] undo 'delete_bd_objs [get_bd_nets adc_dco_p_1] [get_bd_nets adc_dco_n_1] [get_bd_cells util_ds_buf_0]'
set_property location {1 154 -1000} [get_bd_cells util_ds_buf_0]
INFO: [Ipptcl 7-1463] No Compatible Board Interface found. Board Tab not created in customize GUI
delete_bd_objs [get_bd_nets adc_dco_n_1] [get_bd_ports adc_dco_n]
delete_bd_objs [get_bd_nets adc_dco_p_1] [get_bd_ports adc_dco_p]
set_property location {1 284 -503} [get_bd_cells util_ds_buf_0]
INFO: [Ipptcl 7-1463] No Compatible Board Interface found. Board Tab not created in customize GUI
INFO: [Ipptcl 7-1463] No Compatible Board Interface found. Board Tab not created in customize GUI
connect_bd_net [get_bd_pins util_ds_buf_0/IBUF_DS_N] [get_bd_pins ZmodScopeController_0/ZmodAdcClkIn_n]
WARNING: [BD 41-1306] The connection to interface pin </util_ds_buf_0/IBUF_DS_N> is being overridden by the user with net </ZmodScopeController_0_ZmodAdcClkIn_n>. This pin will not be connected as a part of interface connection <CLK_IN_D>, and might not recreate the connectivity as expected using the writ_bd_tcl command.
connect_bd_net [get_bd_pins util_ds_buf_0/IBUF_DS_P] [get_bd_pins ZmodScopeController_0/ZmodAdcClkIn_p]
WARNING: [BD 41-1306] The connection to interface pin </util_ds_buf_0/IBUF_DS_P> is being overridden by the user with net </ZmodScopeController_0_ZmodAdcClkIn_p>. This pin will not be connected as a part of interface connection <CLK_IN_D>, and might not recreate the connectivity as expected using the writ_bd_tcl command.
startgroup
create_bd_cell -type ip -vlnv xilinx.com:ip:util_ds_buf:2.2 util_ds_buf_1
endgroup
set_property location {3 749 -472} [get_bd_cells util_ds_buf_1]
set_property location {1 296 -474} [get_bd_cells util_ds_buf_0]
set_property location {2 739 -484} [get_bd_cells util_ds_buf_1]
INFO: [Ipptcl 7-1463] No Compatible Board Interface found. Board Tab not created in customize GUI
set_property CONFIG.C_BUF_TYPE {BUFG} [get_bd_cells util_ds_buf_1]
connect_bd_net [get_bd_pins util_ds_buf_0/IBUF_OUT] [get_bd_pins util_ds_buf_1/BUFG_I]
set_property location {2 743 -464} [get_bd_cells util_ds_buf_1]
set_property location {2 732 -470} [get_bd_cells util_ds_buf_1]
delete_bd_objs [get_bd_nets clk_wiz_0_clk_out1]
connect_bd_net [get_bd_pins clk_wiz_0/clk_out1] [get_bd_pins ZmodScopeController_0/SysClk100]
connect_bd_net [get_bd_pins axis_register_slice_0/aclk] [get_bd_pins clk_wiz_0/clk_out1]
connect_bd_net [get_bd_pins ila_0/clk] [get_bd_pins clk_wiz_0/clk_out1]
connect_bd_net [get_bd_pins ZmodScopeController_0/ADC_InClk] [get_bd_pins util_ds_buf_0/IBUF_OUT]
connect_bd_net [get_bd_pins ZmodScopeController_0/ZmodDcoClk] [get_bd_pins util_ds_buf_0/IBUF_OUT]
connect_bd_net [get_bd_pins util_ds_buf_1/BUFG_O] [get_bd_pins ZmodScopeController_0/ADC_SamplingClk]
set_property location {1 402 -307} [get_bd_cells util_ds_buf_0]
set_property location {2 734 -307} [get_bd_cells util_ds_buf_1]
startgroup
create_bd_cell -type ip -vlnv xilinx.com:ip:axi_dma:7.1 axi_dma_0
endgroup
set_property location {1 182 -1188} [get_bd_cells axi_dma_0]
set_property -dict [list \
  CONFIG.c_include_mm2s {0} \
  CONFIG.c_include_sg {0} \
] [get_bd_cells axi_dma_0]
delete_bd_objs [get_bd_cells axi_dma_0]
validate_bd_design
INFO: [xilinx.com:ip:clk_wiz:6.0-1] /clk_wiz_0 clk_wiz propagate
ERROR: [BD 41-237] Bus Interface property CLK_DOMAIN does not match between /axis_register_slice_0/S_AXIS(/clk_wiz_0_clk_out1) and /ZmodScopeController_0/DataStream(design_2_util_ds_buf_0_0_IBUF_OUT)
ERROR: [Common 17-39] 'validate_bd_design' failed due to earlier errors.
delete_bd_objs [get_bd_nets clk_wiz_0_clk_out1]
connect_bd_net [get_bd_pins clk_wiz_0/clk_out1] [get_bd_pins ZmodScopeController_0/SysClk100]
connect_bd_net [get_bd_pins ila_0/clk] [get_bd_pins axis_register_slice_0/aclk]
delete_bd_objs [get_bd_nets Net2]
connect_bd_net [get_bd_pins axis_register_slice_0/aclk] [get_bd_pins util_ds_buf_1/BUFG_O]
connect_bd_net [get_bd_pins ila_0/clk] [get_bd_pins util_ds_buf_1/BUFG_O]
validate_bd_design
INFO: [xilinx.com:ip:clk_wiz:6.0-1] /clk_wiz_0 clk_wiz propagate
save_bd_design
Wrote  : <C:\Users\qianzha\Desktop\Embedded-System-Project-DAT096\Board_2\Board_2\Board_2.srcs\sources_1\bd\design_2\design_2.bd> 
Wrote  : <C:/Users/qianzha/Desktop/Embedded-System-Project-DAT096/Board_2/Board_2/Board_2.srcs/sources_1/bd/design_2/ui/bd_1fdbff51.ui> 
make_wrapper -files [get_files C:/Users/qianzha/Desktop/Embedded-System-Project-DAT096/Board_2/Board_2/Board_2.srcs/sources_1/bd/design_2/design_2.bd] -top
INFO: [BD 41-1662] The design 'design_2.bd' is already validated. Therefore parameter propagation will not be re-run.
VHDL Output written to : c:/Users/qianzha/Desktop/Embedded-System-Project-DAT096/Board_2/Board_2/Board_2.gen/sources_1/bd/design_2/synth/design_2.vhd
VHDL Output written to : c:/Users/qianzha/Desktop/Embedded-System-Project-DAT096/Board_2/Board_2/Board_2.gen/sources_1/bd/design_2/sim/design_2.vhd
VHDL Output written to : c:/Users/qianzha/Desktop/Embedded-System-Project-DAT096/Board_2/Board_2/Board_2.gen/sources_1/bd/design_2/hdl/design_2_wrapper.vhd
make_wrapper: Time (s): cpu = 00:00:01 ; elapsed = 00:00:06 . Memory (MB): peak = 1662.121 ; gain = 8.551
make_wrapper -files [get_files C:/Users/qianzha/Desktop/Embedded-System-Project-DAT096/Board_2/Board_2/Board_2.srcs/sources_1/bd/design_2/design_2.bd] -top
INFO: [BD 41-1662] The design 'design_2.bd' is already validated. Therefore parameter propagation will not be re-run.
VHDL Output written to : c:/Users/qianzha/Desktop/Embedded-System-Project-DAT096/Board_2/Board_2/Board_2.gen/sources_1/bd/design_2/synth/design_2.vhd
VHDL Output written to : c:/Users/qianzha/Desktop/Embedded-System-Project-DAT096/Board_2/Board_2/Board_2.gen/sources_1/bd/design_2/sim/design_2.vhd
VHDL Output written to : c:/Users/qianzha/Desktop/Embedded-System-Project-DAT096/Board_2/Board_2/Board_2.gen/sources_1/bd/design_2/hdl/design_2_wrapper.vhd
delete_bd_objs [get_bd_nets util_ds_buf_1_BUFG_O]
delete_bd_objs [get_bd_nets util_ds_buf_0_IBUF_OUT]
delete_bd_objs [get_bd_nets ZmodScopeController_0_ZmodAdcClkIn_p]
delete_bd_objs [get_bd_nets ZmodScopeController_0_ZmodAdcClkIn_n]
connect_bd_net [get_bd_ports ZmodAdcClkIn_p_0] [get_bd_pins ZmodScopeController_0/ZmodAdcClkIn_p]
connect_bd_net [get_bd_ports ZmodAdcClkIn_n_0] [get_bd_pins ZmodScopeController_0/ZmodAdcClkIn_n]
startgroup
create_bd_cell -type ip -vlnv xilinx.com:ip:processing_system7:5.5 processing_system7_0
endgroup
WARNING: [IP_Flow 19-474] Invalid Parameter 'Component_Name'
set_property -dict [list \
  CONFIG.PCW_GPIO_EMIO_GPIO_ENABLE {0} \
  CONFIG.PCW_GPIO_MIO_GPIO_ENABLE {1} \
  CONFIG.PCW_SD1_PERIPHERAL_ENABLE {0} \
] [get_bd_cells processing_system7_0]
WARNING: [IP_Flow 19-474] Invalid Parameter 'Component_Name'
delete_bd_objs [get_bd_cells util_ds_buf_0]
delete_bd_objs [get_bd_cells util_ds_buf_1]
set_property location {2 858 -544} [get_bd_cells processing_system7_0]
WARNING: [IP_Flow 19-474] Invalid Parameter 'Component_Name'
delete_bd_objs [get_bd_nets axis_register_slice_0_m_axis_tvalid] [get_bd_nets axis_register_slice_0_m_axis_tdata] [get_bd_intf_nets ZmodScopeController_0_DataStream] [get_bd_cells axis_register_slice_0]
set_property location {0.5 526 -543} [get_bd_cells processing_system7_0]
set_property location {2 918 -684} [get_bd_cells clk_wiz_0]
set_property location {2 880 -533} [get_bd_cells xlconstant_0]
set_property location {2 886 -433} [get_bd_cells xlconstant_1]
set_property location {4 1737 -622} [get_bd_cells ZmodScopeController_0]
set_property location {4 1731 -582} [get_bd_cells ZmodScopeController_0]
delete_bd_objs [get_bd_nets Net1] [get_bd_cells xlconstant_2]
connect_bd_net [get_bd_pins ZmodScopeController_0/ADC_SamplingClk] [get_bd_pins clk_wiz_0/clk_out1]
connect_bd_net [get_bd_pins ZmodScopeController_0/ADC_InClk] [get_bd_pins clk_wiz_0/clk_out1]
connect_bd_net [get_bd_pins ZmodScopeController_0/ZmodDcoClk] [get_bd_pins clk_wiz_0/clk_out1]
