
*** Running vivado
    with args -log design_2_wrapper.vdi -applog -m64 -product Vivado -messageDb vivado.pb -mode batch -source design_2_wrapper.tcl -notrace



****** Vivado v2024.2 (64-bit)
  **** SW Build 5239630 on Fri Nov 08 22:35:27 MST 2024
  **** IP Build 5239520 on Sun Nov 10 16:12:51 MST 2024
  **** SharedData Build 5239561 on Fri Nov 08 14:39:27 MST 2024
  **** Start of session at: Wed Mar  4 17:07:17 2026
    ** Copyright 1986-2022 Xilinx, Inc. All Rights Reserved.
    ** Copyright 2022-2024 Advanced Micro Devices, Inc. All Rights Reserved.

source design_2_wrapper.tcl -notrace
INFO: [IP_Flow 19-234] Refreshing IP repositories
INFO: [IP_Flow 19-1700] Loaded user IP repository 'z:/DAT096/vivado-library-zmod-v2-2019.1-2/vivado-library-zmod-v2-2019.1-2'.
INFO: [IP_Flow 19-2313] Loaded Vivado IP repository 'C:/Progs/Xilinx/Vivado/2024.2/data/ip'.
update_ip_catalog: Time (s): cpu = 00:00:00 ; elapsed = 00:00:07 . Memory (MB): peak = 369.941 ; gain = 3.945
WARNING: [IP_Flow 19-4995] The host OS only allows 260 characters in a normal path. The IP cache path is more than 80 characters. If you experience issues with IP caching, please consider changing the IP cache to a location with a shorter path. Alternately consider using the OS subst command to map part of the path to a drive letter. 
Current IP cache path is C:/Users/qianzha/Desktop/Embedded-System-Project-DAT096/Board_2/Board_2/Board_2.cache/ip 
Command: link_design -top design_2_wrapper -part xc7z020clg484-1
Design is defaulting to srcset: sources_1
Design is defaulting to constrset: constrs_1
INFO: [Device 21-403] Loading part xc7z020clg484-1
Netlist sorting complete. Time (s): cpu = 00:00:00 ; elapsed = 00:00:00.030 . Memory (MB): peak = 670.055 ; gain = 0.000
INFO: [Netlist 29-17] Analyzing 211 Unisim elements for replacement
INFO: [Netlist 29-28] Unisim Transformation completed in 0 CPU seconds
INFO: [Project 1-479] Netlist was created with Vivado 2024.2
INFO: [Project 1-570] Preparing netlist for logic optimization
Parsing XDC File [c:/Users/qianzha/Desktop/Embedded-System-Project-DAT096/Board_2/Board_2/Board_2.gen/sources_1/bd/design_2/ip/design_2_ZmodScopeController_0_1/src/ZmodADC_SynchonizationFIFO.xdc] for cell 'design_2_i/ZmodScopeController_0/U0/InstDataPath/InstADC_FIFO/U0'
Finished Parsing XDC File [c:/Users/qianzha/Desktop/Embedded-System-Project-DAT096/Board_2/Board_2/Board_2.gen/sources_1/bd/design_2/ip/design_2_ZmodScopeController_0_1/src/ZmodADC_SynchonizationFIFO.xdc] for cell 'design_2_i/ZmodScopeController_0/U0/InstDataPath/InstADC_FIFO/U0'
Parsing XDC File [c:/Users/qianzha/Desktop/Embedded-System-Project-DAT096/Board_2/Board_2/Board_2.gen/sources_1/bd/design_2/ip/design_2_ila_0_0/ila_v6_2/constraints/ila_impl.xdc] for cell 'design_2_i/ila_0/U0'
Finished Parsing XDC File [c:/Users/qianzha/Desktop/Embedded-System-Project-DAT096/Board_2/Board_2/Board_2.gen/sources_1/bd/design_2/ip/design_2_ila_0_0/ila_v6_2/constraints/ila_impl.xdc] for cell 'design_2_i/ila_0/U0'
Parsing XDC File [c:/Users/qianzha/Desktop/Embedded-System-Project-DAT096/Board_2/Board_2/Board_2.gen/sources_1/bd/design_2/ip/design_2_ila_0_0/ila_v6_2/constraints/ila.xdc] for cell 'design_2_i/ila_0/U0'
Finished Parsing XDC File [c:/Users/qianzha/Desktop/Embedded-System-Project-DAT096/Board_2/Board_2/Board_2.gen/sources_1/bd/design_2/ip/design_2_ila_0_0/ila_v6_2/constraints/ila.xdc] for cell 'design_2_i/ila_0/U0'
Parsing XDC File [c:/Users/qianzha/Desktop/Embedded-System-Project-DAT096/Board_2/Board_2/Board_2.gen/sources_1/bd/design_2/ip/design_2_clk_wiz_0_0/design_2_clk_wiz_0_0_board.xdc] for cell 'design_2_i/clk_wiz_0/inst'
Finished Parsing XDC File [c:/Users/qianzha/Desktop/Embedded-System-Project-DAT096/Board_2/Board_2/Board_2.gen/sources_1/bd/design_2/ip/design_2_clk_wiz_0_0/design_2_clk_wiz_0_0_board.xdc] for cell 'design_2_i/clk_wiz_0/inst'
Parsing XDC File [c:/Users/qianzha/Desktop/Embedded-System-Project-DAT096/Board_2/Board_2/Board_2.gen/sources_1/bd/design_2/ip/design_2_clk_wiz_0_0/design_2_clk_wiz_0_0.xdc] for cell 'design_2_i/clk_wiz_0/inst'
INFO: [Timing 38-35] Done setting XDC timing constraints. [c:/Users/qianzha/Desktop/Embedded-System-Project-DAT096/Board_2/Board_2/Board_2.gen/sources_1/bd/design_2/ip/design_2_clk_wiz_0_0/design_2_clk_wiz_0_0.xdc:54]
INFO: [Timing 38-2] Deriving generated clocks [c:/Users/qianzha/Desktop/Embedded-System-Project-DAT096/Board_2/Board_2/Board_2.gen/sources_1/bd/design_2/ip/design_2_clk_wiz_0_0/design_2_clk_wiz_0_0.xdc:54]
Finished Parsing XDC File [c:/Users/qianzha/Desktop/Embedded-System-Project-DAT096/Board_2/Board_2/Board_2.gen/sources_1/bd/design_2/ip/design_2_clk_wiz_0_0/design_2_clk_wiz_0_0.xdc] for cell 'design_2_i/clk_wiz_0/inst'
Parsing XDC File [C:/Users/qianzha/Desktop/Embedded-System-Project-DAT096/Board_2/Board_2/Board_2.srcs/constrs_1/new/Board_2.xdc]
Finished Parsing XDC File [C:/Users/qianzha/Desktop/Embedded-System-Project-DAT096/Board_2/Board_2/Board_2.srcs/constrs_1/new/Board_2.xdc]
Parsing XDC File [c:/Users/qianzha/Desktop/Embedded-System-Project-DAT096/Board_2/Board_2/Board_2.gen/sources_1/bd/design_2/ip/design_2_ZmodScopeController_0_1/src/ZmodADC_SynchonizationFIFO_clocks.xdc] for cell 'design_2_i/ZmodScopeController_0/U0/InstDataPath/InstADC_FIFO/U0'
INFO: [Timing 38-2] Deriving generated clocks [c:/Users/qianzha/Desktop/Embedded-System-Project-DAT096/Board_2/Board_2/Board_2.gen/sources_1/bd/design_2/ip/design_2_ZmodScopeController_0_1/src/ZmodADC_SynchonizationFIFO_clocks.xdc:60]
Finished Parsing XDC File [c:/Users/qianzha/Desktop/Embedded-System-Project-DAT096/Board_2/Board_2/Board_2.gen/sources_1/bd/design_2/ip/design_2_ZmodScopeController_0_1/src/ZmodADC_SynchonizationFIFO_clocks.xdc] for cell 'design_2_i/ZmodScopeController_0/U0/InstDataPath/InstADC_FIFO/U0'
Parsing XDC File [c:/Users/qianzha/Desktop/Embedded-System-Project-DAT096/Board_2/Board_2/Board_2.gen/sources_1/bd/design_2/ip/design_2_ZmodScopeController_0_1/constr/ConstrsZmodADC.xdc] for cell 'design_2_i/ZmodScopeController_0/U0'
CRITICAL WARNING: [Constraints 18-5530] create_generated_clock: can only specify one clock as master_clock [c:/Users/qianzha/Desktop/Embedded-System-Project-DAT096/Board_2/Board_2/Board_2.gen/sources_1/bd/design_2/ip/design_2_ZmodScopeController_0_1/constr/ConstrsZmodADC.xdc:14]
Finished Parsing XDC File [c:/Users/qianzha/Desktop/Embedded-System-Project-DAT096/Board_2/Board_2/Board_2.gen/sources_1/bd/design_2/ip/design_2_ZmodScopeController_0_1/constr/ConstrsZmodADC.xdc] for cell 'design_2_i/ZmodScopeController_0/U0'
INFO: [Project 1-1714] 6 XPM XDC files have been applied to the design.
INFO: [Opt 31-138] Pushed 0 inverter(s) to 0 load pin(s).
INFO: [Project 1-1687] 2 scoped IP constraints or related sub-commands were skipped due to synthesis logic optimizations usually triggered by constant connectivity or unconnected output pins. To review the skipped constraints and messages, run the command 'set_param netlist.IPMsgFiltering false' before opening the design.
Netlist sorting complete. Time (s): cpu = 00:00:00 ; elapsed = 00:00:00 . Memory (MB): peak = 1344.762 ; gain = 0.000
INFO: [Project 1-111] Unisim Transformation Summary:
  A total of 89 instances were transformed.
  CFGLUT5 => CFGLUT5 (SRL16E, SRLC32E): 80 instances
  IOBUF => IOBUF (IBUF, OBUFT): 1 instance 
  OBUFDS => OBUFDS_DUAL_BUF (INV, OBUFDS(x2)): 1 instance 
  RAM32M => RAM32M (RAMD32(x6), RAMS32(x2)): 5 instances
  RAM32X1D => RAM32X1D (RAMD32(x2)): 2 instances

15 Infos, 1 Warnings, 1 Critical Warnings and 0 Errors encountered.
link_design completed successfully
link_design: Time (s): cpu = 00:00:07 ; elapsed = 00:00:08 . Memory (MB): peak = 1344.762 ; gain = 920.254
Command: opt_design
Attempting to get a license for feature 'Implementation' and/or device 'xc7z020'
INFO: [Common 17-349] Got license for feature 'Implementation' and/or device 'xc7z020'
Running DRC as a precondition to command opt_design

Starting DRC Task
INFO: [DRC 23-27] Running DRC with 2 threads
INFO: [Project 1-461] DRC finished with 0 Errors
INFO: [Project 1-462] Please refer to the DRC report (report_drc) for more information.

Time (s): cpu = 00:00:02 ; elapsed = 00:00:01 . Memory (MB): peak = 1350.188 ; gain = 5.426

Starting Cache Timing Information Task
INFO: [Timing 38-35] Done setting XDC timing constraints.
Ending Cache Timing Information Task | Checksum: 19b83816a

Time (s): cpu = 00:00:00 ; elapsed = 00:00:00.074 . Memory (MB): peak = 1360.082 ; gain = 9.895

Starting Logic Optimization Task

Phase 1 Initialization

Phase 1.1 Core Generation And Design Setup

Phase 1.1.1 Generate And Synthesize Debug Cores
INFO: [Chipscope 16-329] Generating Script for core instance : dbg_hub 
INFO: [IP_Flow 19-3806] Processing IP xilinx.com:ip:xsdbm:3.0 for cell dbg_hub_CV.
INFO: [Chipscope 16-469] Using cached IP synthesis design for IP xilinx.com:ip:xsdbm:3.0, cache-ID = 35f9a0fa91973c7b.
Done building netlist checker database: Time (s): cpu = 00:00:00 ; elapsed = 00:00:00.001 . Memory (MB): peak = 1770.883 ; gain = 0.000
CRITICAL WARNING: [Common 17-55] 'get_property' expects at least one object. [c:/Users/qianzha/Desktop/Embedded-System-Project-DAT096/Board_2/Board_2/Board_2.runs/impl_1/.Xil/Vivado-18320-FY-6302-09/dbg_hub_CV.0/out/xsdbm_cc_late_late.xdc:10]
Resolution: If [get_<value>] was used to populate the object, check to make sure this command returns at least one valid object.
CRITICAL WARNING: [Common 17-1548] Command failed: can't read "wr_clk_period": no such variable
 [c:/Users/qianzha/Desktop/Embedded-System-Project-DAT096/Board_2/Board_2/Board_2.runs/impl_1/.Xil/Vivado-18320-FY-6302-09/dbg_hub_CV.0/out/xsdbm_cc_late_late.xdc:12]
CRITICAL WARNING: [Common 17-1548] Command failed: can't read "skew_value": no such variable
 [c:/Users/qianzha/Desktop/Embedded-System-Project-DAT096/Board_2/Board_2/Board_2.runs/impl_1/.Xil/Vivado-18320-FY-6302-09/dbg_hub_CV.0/out/xsdbm_cc_late_late.xdc:17]
CRITICAL WARNING: [Common 17-55] 'get_property' expects at least one object. [c:/Users/qianzha/Desktop/Embedded-System-Project-DAT096/Board_2/Board_2/Board_2.runs/impl_1/.Xil/Vivado-18320-FY-6302-09/dbg_hub_CV.0/out/xsdbm_cc_late_late.xdc:19]
Resolution: If [get_<value>] was used to populate the object, check to make sure this command returns at least one valid object.
CRITICAL WARNING: [Common 17-1548] Command failed: can't read "skew_value": no such variable
 [c:/Users/qianzha/Desktop/Embedded-System-Project-DAT096/Board_2/Board_2/Board_2.runs/impl_1/.Xil/Vivado-18320-FY-6302-09/dbg_hub_CV.0/out/xsdbm_cc_late_late.xdc:20]
CRITICAL WARNING: [Common 17-55] 'get_property' expects at least one object. [c:/Users/qianzha/Desktop/Embedded-System-Project-DAT096/Board_2/Board_2/Board_2.runs/impl_1/.Xil/Vivado-18320-FY-6302-09/dbg_hub_CV.0/out/xsdbm_cc_late_late.xdc:24]
Resolution: If [get_<value>] was used to populate the object, check to make sure this command returns at least one valid object.
CRITICAL WARNING: [Common 17-1548] Command failed: can't read "rd_clk_period_2": no such variable
 [c:/Users/qianzha/Desktop/Embedded-System-Project-DAT096/Board_2/Board_2/Board_2.runs/impl_1/.Xil/Vivado-18320-FY-6302-09/dbg_hub_CV.0/out/xsdbm_cc_late_late.xdc:25]
CRITICAL WARNING: [Common 17-55] 'get_property' expects at least one object. [c:/Users/qianzha/Desktop/Embedded-System-Project-DAT096/Board_2/Board_2/Board_2.runs/impl_1/.Xil/Vivado-18320-FY-6302-09/dbg_hub_CV.0/out/xsdbm_cc_late_late.xdc:32]
Resolution: If [get_<value>] was used to populate the object, check to make sure this command returns at least one valid object.
CRITICAL WARNING: [Common 17-1548] Command failed: can't read "skew_value_2": no such variable
 [c:/Users/qianzha/Desktop/Embedded-System-Project-DAT096/Board_2/Board_2/Board_2.runs/impl_1/.Xil/Vivado-18320-FY-6302-09/dbg_hub_CV.0/out/xsdbm_cc_late_late.xdc:33]
CRITICAL WARNING: [Common 17-1548] Command failed: can't read "skew_value_2": no such variable
 [c:/Users/qianzha/Desktop/Embedded-System-Project-DAT096/Board_2/Board_2/Board_2.runs/impl_1/.Xil/Vivado-18320-FY-6302-09/dbg_hub_CV.0/out/xsdbm_cc_late_late.xdc:36]
Netlist sorting complete. Time (s): cpu = 00:00:00 ; elapsed = 00:00:00.011 . Memory (MB): peak = 1771.520 ; gain = 0.000
Phase 1.1.1 Generate And Synthesize Debug Cores | Checksum: 1c49b20a8

Time (s): cpu = 00:00:00 ; elapsed = 00:00:18 . Memory (MB): peak = 1771.520 ; gain = 20.590
Phase 1.1 Core Generation And Design Setup | Checksum: 1c49b20a8

Time (s): cpu = 00:00:00 ; elapsed = 00:00:18 . Memory (MB): peak = 1771.520 ; gain = 20.590

Phase 1.2 Setup Constraints And Sort Netlist
Phase 1.2 Setup Constraints And Sort Netlist | Checksum: 1c49b20a8

Time (s): cpu = 00:00:00 ; elapsed = 00:00:18 . Memory (MB): peak = 1771.520 ; gain = 20.590
Phase 1 Initialization | Checksum: 1c49b20a8

Time (s): cpu = 00:00:00 ; elapsed = 00:00:18 . Memory (MB): peak = 1771.520 ; gain = 20.590

Phase 2 Timer Update And Timing Data Collection

Phase 2.1 Timer Update
Phase 2.1 Timer Update | Checksum: 1c49b20a8

Time (s): cpu = 00:00:00 ; elapsed = 00:00:18 . Memory (MB): peak = 1771.520 ; gain = 20.590

Phase 2.2 Timing Data Collection
Phase 2.2 Timing Data Collection | Checksum: 1c49b20a8

Time (s): cpu = 00:00:00 ; elapsed = 00:00:18 . Memory (MB): peak = 1771.520 ; gain = 20.590
Phase 2 Timer Update And Timing Data Collection | Checksum: 1c49b20a8

Time (s): cpu = 00:00:00 ; elapsed = 00:00:18 . Memory (MB): peak = 1771.520 ; gain = 20.590

Phase 3 Retarget
INFO: [Opt 31-1851] Number of loadless carry chains removed were: 0
INFO: [Opt 31-1834] Total Chains To Be Transformed Were: 0 AND Number of Transformed insts Created are: 0
INFO: [Opt 31-138] Pushed 1 inverter(s) to 1 load pin(s).
INFO: [Opt 31-49] Retargeted 0 cell(s).
Phase 3 Retarget | Checksum: 19dbd1917

Time (s): cpu = 00:00:00 ; elapsed = 00:00:18 . Memory (MB): peak = 1771.520 ; gain = 20.590
Retarget | Checksum: 19dbd1917
INFO: [Opt 31-389] Phase Retarget created 10 cells and removed 22 cells
INFO: [Opt 31-1021] In phase Retarget, 75 netlist objects are constrained preventing optimization. Please run opt_design with -debug_log to get more detail. 

Phase 4 Constant propagation
INFO: [Opt 31-138] Pushed 0 inverter(s) to 0 load pin(s).
Phase 4 Constant propagation | Checksum: 2348368aa

Time (s): cpu = 00:00:00 ; elapsed = 00:00:18 . Memory (MB): peak = 1771.520 ; gain = 20.590
Constant propagation | Checksum: 2348368aa
INFO: [Opt 31-389] Phase Constant propagation created 44 cells and removed 208 cells
INFO: [Opt 31-1021] In phase Constant propagation, 56 netlist objects are constrained preventing optimization. Please run opt_design with -debug_log to get more detail. 

Phase 5 Sweep
INFO: [Constraints 18-11670] Building netlist checker database with flags, 0x8
Done building netlist checker database: Time (s): cpu = 00:00:00 ; elapsed = 00:00:00.001 . Memory (MB): peak = 1771.520 ; gain = 0.000
INFO: [Constraints 18-11670] Building netlist checker database with flags, 0x8
Done building netlist checker database: Time (s): cpu = 00:00:00 ; elapsed = 00:00:00.001 . Memory (MB): peak = 1771.520 ; gain = 0.000
Phase 5 Sweep | Checksum: 22f3570d4

Time (s): cpu = 00:00:00 ; elapsed = 00:00:18 . Memory (MB): peak = 1771.520 ; gain = 20.590
Sweep | Checksum: 22f3570d4
INFO: [Opt 31-389] Phase Sweep created 0 cells and removed 67 cells
INFO: [Opt 31-1021] In phase Sweep, 957 netlist objects are constrained preventing optimization. Please run opt_design with -debug_log to get more detail. 

Phase 6 BUFG optimization
Phase 6 BUFG optimization | Checksum: 22f3570d4

Time (s): cpu = 00:00:01 ; elapsed = 00:00:18 . Memory (MB): peak = 1771.520 ; gain = 20.590
BUFG optimization | Checksum: 22f3570d4
INFO: [Opt 31-662] Phase BUFG optimization created 0 cells of which 0 are BUFGs and removed 0 cells.

Phase 7 Shift Register Optimization
INFO: [Opt 31-1064] SRL Remap converted 0 SRLs to 0 registers and converted 0 registers of register chains to 0 SRLs
Phase 7 Shift Register Optimization | Checksum: 22f3570d4

Time (s): cpu = 00:00:01 ; elapsed = 00:00:18 . Memory (MB): peak = 1771.520 ; gain = 20.590
Shift Register Optimization | Checksum: 22f3570d4
INFO: [Opt 31-389] Phase Shift Register Optimization created 0 cells and removed 0 cells

Phase 8 Post Processing Netlist
INFO: [Opt 31-1566] Pulled 1 inverters resulting in an inversion of 18 pins
Phase 8 Post Processing Netlist | Checksum: 278490916

Time (s): cpu = 00:00:01 ; elapsed = 00:00:18 . Memory (MB): peak = 1771.520 ; gain = 20.590
Post Processing Netlist | Checksum: 278490916
INFO: [Opt 31-389] Phase Post Processing Netlist created 0 cells and removed 4 cells
INFO: [Opt 31-1021] In phase Post Processing Netlist, 67 netlist objects are constrained preventing optimization. Please run opt_design with -debug_log to get more detail. 

Phase 9 Finalization

Phase 9.1 Finalizing Design Cores and Updating Shapes
Phase 9.1 Finalizing Design Cores and Updating Shapes | Checksum: 2381066cd

Time (s): cpu = 00:00:01 ; elapsed = 00:00:18 . Memory (MB): peak = 1771.520 ; gain = 20.590

Phase 9.2 Verifying Netlist Connectivity

Starting Connectivity Check Task

Time (s): cpu = 00:00:00 ; elapsed = 00:00:00.007 . Memory (MB): peak = 1771.520 ; gain = 0.000
Phase 9.2 Verifying Netlist Connectivity | Checksum: 2381066cd

Time (s): cpu = 00:00:01 ; elapsed = 00:00:18 . Memory (MB): peak = 1771.520 ; gain = 20.590
Phase 9 Finalization | Checksum: 2381066cd

Time (s): cpu = 00:00:01 ; elapsed = 00:00:18 . Memory (MB): peak = 1771.520 ; gain = 20.590
Opt_design Change Summary
=========================


-------------------------------------------------------------------------------------------------------------------------
|  Phase                        |  #Cells created  |  #Cells Removed  |  #Constrained objects preventing optimizations  |
-------------------------------------------------------------------------------------------------------------------------
|  Retarget                     |              10  |              22  |                                             75  |
|  Constant propagation         |              44  |             208  |                                             56  |
|  Sweep                        |               0  |              67  |                                            957  |
|  BUFG optimization            |               0  |               0  |                                              0  |
|  Shift Register Optimization  |               0  |               0  |                                              0  |
|  Post Processing Netlist      |               0  |               4  |                                             67  |
-------------------------------------------------------------------------------------------------------------------------


Ending Logic Optimization Task | Checksum: 2381066cd

Time (s): cpu = 00:00:01 ; elapsed = 00:00:18 . Memory (MB): peak = 1771.520 ; gain = 20.590

Starting Power Optimization Task
INFO: [Pwropt 34-132] Skipping clock gating for clocks with a period < 2.00 ns.
INFO: [Timing 38-35] Done setting XDC timing constraints.
INFO: [Pwropt 34-9] Applying IDT optimizations ...
INFO: [Pwropt 34-10] Applying ODC optimizations ...
Running Vector-less Activity Propagation...

Finished Running Vector-less Activity Propagation


Starting PowerOpt Patch Enables Task
INFO: [Pwropt 34-162] WRITE_MODE attribute of 0 BRAM(s) out of a total of 8 has been updated to save power. Run report_power_opt to get a complete listing of the BRAMs updated.
INFO: [Pwropt 34-201] Structural ODC has moved 0 WE to EN ports
Number of BRAM Ports augmented: 8 newly gated: 0 Total Ports: 16
Ending PowerOpt Patch Enables Task | Checksum: 201e719b4

Time (s): cpu = 00:00:00 ; elapsed = 00:00:00.025 . Memory (MB): peak = 1931.285 ; gain = 0.000
Ending Power Optimization Task | Checksum: 201e719b4

Time (s): cpu = 00:00:01 ; elapsed = 00:00:00.848 . Memory (MB): peak = 1931.285 ; gain = 159.766

Starting Final Cleanup Task
Ending Final Cleanup Task | Checksum: 201e719b4

Time (s): cpu = 00:00:00 ; elapsed = 00:00:00 . Memory (MB): peak = 1931.285 ; gain = 0.000

Starting Netlist Obfuscation Task
Netlist sorting complete. Time (s): cpu = 00:00:00 ; elapsed = 00:00:00.001 . Memory (MB): peak = 1931.285 ; gain = 0.000
Ending Netlist Obfuscation Task | Checksum: 228dc45c1

Time (s): cpu = 00:00:00 ; elapsed = 00:00:00.003 . Memory (MB): peak = 1931.285 ; gain = 0.000
INFO: [Common 17-83] Releasing license: Implementation
56 Infos, 3 Warnings, 11 Critical Warnings and 0 Errors encountered.
opt_design completed successfully
opt_design: Time (s): cpu = 00:00:06 ; elapsed = 00:00:22 . Memory (MB): peak = 1931.285 ; gain = 586.523
INFO: [Vivado 12-24828] Executing command : report_drc -file design_2_wrapper_drc_opted.rpt -pb design_2_wrapper_drc_opted.pb -rpx design_2_wrapper_drc_opted.rpx
Command: report_drc -file design_2_wrapper_drc_opted.rpt -pb design_2_wrapper_drc_opted.pb -rpx design_2_wrapper_drc_opted.rpx
INFO: [IP_Flow 19-1839] IP Catalog is up to date.
INFO: [DRC 23-27] Running DRC with 2 threads
INFO: [Vivado_Tcl 2-168] The results of DRC are in file C:/Users/qianzha/Desktop/Embedded-System-Project-DAT096/Board_2/Board_2/Board_2.runs/impl_1/design_2_wrapper_drc_opted.rpt.
report_drc completed successfully
INFO: [Timing 38-35] Done setting XDC timing constraints.
INFO: [Timing 38-480] Writing timing data to binary archive.
Write ShapeDB Complete: Time (s): cpu = 00:00:00 ; elapsed = 00:00:00.005 . Memory (MB): peak = 1931.285 ; gain = 0.000
Wrote PlaceDB: Time (s): cpu = 00:00:00 ; elapsed = 00:00:00.003 . Memory (MB): peak = 1931.285 ; gain = 0.000
Wrote PulsedLatchDB: Time (s): cpu = 00:00:00 ; elapsed = 00:00:00 . Memory (MB): peak = 1931.285 ; gain = 0.000
Writing XDEF routing.
Writing XDEF routing logical nets.
Writing XDEF routing special nets.
Wrote RouteStorage: Time (s): cpu = 00:00:00 ; elapsed = 00:00:00.018 . Memory (MB): peak = 1931.285 ; gain = 0.000
Wrote Netlist Cache: Time (s): cpu = 00:00:00 ; elapsed = 00:00:00 . Memory (MB): peak = 1931.285 ; gain = 0.000
Wrote Device Cache: Time (s): cpu = 00:00:00 ; elapsed = 00:00:00.005 . Memory (MB): peak = 1931.285 ; gain = 0.000
Write Physdb Complete: Time (s): cpu = 00:00:00 ; elapsed = 00:00:00.031 . Memory (MB): peak = 1931.285 ; gain = 0.000
INFO: [Common 17-1381] The checkpoint 'C:/Users/qianzha/Desktop/Embedded-System-Project-DAT096/Board_2/Board_2/Board_2.runs/impl_1/design_2_wrapper_opt.dcp' has been generated.
INFO: [Chipscope 16-240] Debug cores have already been implemented
Command: place_design
Attempting to get a license for feature 'Implementation' and/or device 'xc7z020'
INFO: [Common 17-349] Got license for feature 'Implementation' and/or device 'xc7z020'
INFO: [Common 17-83] Releasing license: Implementation
INFO: [DRC 23-27] Running DRC with 2 threads
INFO: [Vivado_Tcl 4-198] DRC finished with 0 Errors
INFO: [Vivado_Tcl 4-199] Please refer to the DRC report (report_drc) for more information.
Running DRC as a precondition to command place_design
INFO: [DRC 23-27] Running DRC with 2 threads
INFO: [Vivado_Tcl 4-198] DRC finished with 0 Errors
INFO: [Vivado_Tcl 4-199] Please refer to the DRC report (report_drc) for more information.
INFO: [Place 30-611] Multithreading enabled for place_design using a maximum of 2 CPUs

Starting Placer Task

Phase 1 Placer Initialization

Phase 1.1 Placer Initialization Netlist Sorting
Netlist sorting complete. Time (s): cpu = 00:00:00 ; elapsed = 00:00:00.001 . Memory (MB): peak = 1931.285 ; gain = 0.000
Phase 1.1 Placer Initialization Netlist Sorting | Checksum: 138a81cb3

Time (s): cpu = 00:00:00 ; elapsed = 00:00:00.003 . Memory (MB): peak = 1931.285 ; gain = 0.000
Netlist sorting complete. Time (s): cpu = 00:00:00 ; elapsed = 00:00:00.001 . Memory (MB): peak = 1931.285 ; gain = 0.000

Phase 1.2 IO Placement/ Clock Placement/ Build Placer Device
Phase 1.2 IO Placement/ Clock Placement/ Build Placer Device | Checksum: dd3e7e77

Time (s): cpu = 00:00:01 ; elapsed = 00:00:00.204 . Memory (MB): peak = 1931.285 ; gain = 0.000

Phase 1.3 Build Placer Netlist Model
INFO: [Place 30-896] Complex timing constraints detected. Disabling fast timing updates
Phase 1.3 Build Placer Netlist Model | Checksum: de85f117

Time (s): cpu = 00:00:01 ; elapsed = 00:00:00.519 . Memory (MB): peak = 1931.285 ; gain = 0.000

Phase 1.4 Constrain Clocks/Macros
Phase 1.4 Constrain Clocks/Macros | Checksum: de85f117

Time (s): cpu = 00:00:01 ; elapsed = 00:00:00.523 . Memory (MB): peak = 1931.285 ; gain = 0.000
Phase 1 Placer Initialization | Checksum: de85f117

Time (s): cpu = 00:00:01 ; elapsed = 00:00:00.526 . Memory (MB): peak = 1931.285 ; gain = 0.000

Phase 2 Global Placement

Phase 2.1 Floorplanning
Phase 2.1 Floorplanning | Checksum: 13c391d6d

Time (s): cpu = 00:00:01 ; elapsed = 00:00:00.615 . Memory (MB): peak = 1931.285 ; gain = 0.000

Phase 2.2 Update Timing before SLR Path Opt
Phase 2.2 Update Timing before SLR Path Opt | Checksum: 17c8a1d0e

Time (s): cpu = 00:00:02 ; elapsed = 00:00:00.687 . Memory (MB): peak = 1931.285 ; gain = 0.000

Phase 2.3 Post-Processing in Floorplanning
Phase 2.3 Post-Processing in Floorplanning | Checksum: 17c8a1d0e

Time (s): cpu = 00:00:02 ; elapsed = 00:00:00.691 . Memory (MB): peak = 1931.285 ; gain = 0.000

Phase 2.4 Global Place Phase1
Phase 2.4 Global Place Phase1 | Checksum: 1be259274

Time (s): cpu = 00:00:03 ; elapsed = 00:00:02 . Memory (MB): peak = 1931.285 ; gain = 0.000

Phase 2.5 Global Place Phase2
INFO: [Place 46-58] Complex timing constraints like using -rise or -fall are detected, physical synthesis in placer is disabled.
Phase 2.5 Global Place Phase2 | Checksum: 10475fb79

Time (s): cpu = 00:00:04 ; elapsed = 00:00:02 . Memory (MB): peak = 1931.285 ; gain = 0.000
Phase 2 Global Placement | Checksum: 10475fb79

Time (s): cpu = 00:00:04 ; elapsed = 00:00:02 . Memory (MB): peak = 1931.285 ; gain = 0.000

Phase 3 Detail Placement

Phase 3.1 Commit Multi Column Macros
Phase 3.1 Commit Multi Column Macros | Checksum: 17cf0ab43

Time (s): cpu = 00:00:04 ; elapsed = 00:00:02 . Memory (MB): peak = 1931.285 ; gain = 0.000

Phase 3.2 Commit Most Macros & LUTRAMs
Phase 3.2 Commit Most Macros & LUTRAMs | Checksum: 1b98ed290

Time (s): cpu = 00:00:04 ; elapsed = 00:00:02 . Memory (MB): peak = 1931.285 ; gain = 0.000

Phase 3.3 Area Swap Optimization
Phase 3.3 Area Swap Optimization | Checksum: 1d881266a

Time (s): cpu = 00:00:04 ; elapsed = 00:00:02 . Memory (MB): peak = 1931.285 ; gain = 0.000

Phase 3.4 Pipeline Register Optimization
Phase 3.4 Pipeline Register Optimization | Checksum: 1409343b5

Time (s): cpu = 00:00:04 ; elapsed = 00:00:02 . Memory (MB): peak = 1931.285 ; gain = 0.000

Phase 3.5 Small Shape Detail Placement
Phase 3.5 Small Shape Detail Placement | Checksum: 107ab149c

Time (s): cpu = 00:00:05 ; elapsed = 00:00:03 . Memory (MB): peak = 1931.285 ; gain = 0.000

Phase 3.6 Re-assign LUT pins
Phase 3.6 Re-assign LUT pins | Checksum: d33f9abf

Time (s): cpu = 00:00:05 ; elapsed = 00:00:03 . Memory (MB): peak = 1931.285 ; gain = 0.000

Phase 3.7 Pipeline Register Optimization
Phase 3.7 Pipeline Register Optimization | Checksum: 1c826cc24

Time (s): cpu = 00:00:05 ; elapsed = 00:00:03 . Memory (MB): peak = 1931.285 ; gain = 0.000
Phase 3 Detail Placement | Checksum: 1c826cc24

Time (s): cpu = 00:00:05 ; elapsed = 00:00:03 . Memory (MB): peak = 1931.285 ; gain = 0.000

Phase 4 Post Placement Optimization and Clean-Up

Phase 4.1 Post Commit Optimization

Phase 4.1.1 Post Placement Optimization
Post Placement Optimization Initialization | Checksum: 181d05bd2

Phase 4.1.1.1 BUFG Insertion

Starting Physical Synthesis Task

Phase 1 Physical Synthesis Initialization
INFO: [Physopt 32-721] Multithreading enabled for phys_opt_design using a maximum of 2 CPUs
INFO: [Physopt 32-619] Estimated Timing Summary | WNS=0.366 | TNS=0.000 |
Phase 1 Physical Synthesis Initialization | Checksum: 1e55b1cf9

Time (s): cpu = 00:00:00 ; elapsed = 00:00:00.019 . Memory (MB): peak = 1931.285 ; gain = 0.000
INFO: [Place 46-56] BUFG insertion identified 0 candidate nets. Inserted BUFG: 0, Replicated BUFG Driver: 0, Skipped due to Placement/Routing Conflicts: 0, Skipped due to Timing Degradation: 0, Skipped due to netlist editing failed: 0.
Ending Physical Synthesis Task | Checksum: 1f6432146

Time (s): cpu = 00:00:00 ; elapsed = 00:00:00.029 . Memory (MB): peak = 1931.285 ; gain = 0.000
Phase 4.1.1.1 BUFG Insertion | Checksum: 181d05bd2

Time (s): cpu = 00:00:05 ; elapsed = 00:00:03 . Memory (MB): peak = 1931.285 ; gain = 0.000

Phase 4.1.1.2 Post Placement Timing Optimization
INFO: [Place 30-746] Post Placement Timing Summary WNS=0.366. For the most accurate timing information please run report_timing.
Phase 4.1.1.2 Post Placement Timing Optimization | Checksum: 1417179fb

Time (s): cpu = 00:00:05 ; elapsed = 00:00:03 . Memory (MB): peak = 1931.285 ; gain = 0.000

Time (s): cpu = 00:00:05 ; elapsed = 00:00:03 . Memory (MB): peak = 1931.285 ; gain = 0.000
Phase 4.1 Post Commit Optimization | Checksum: 1417179fb

Time (s): cpu = 00:00:05 ; elapsed = 00:00:03 . Memory (MB): peak = 1931.285 ; gain = 0.000

Phase 4.2 Post Placement Cleanup
Phase 4.2 Post Placement Cleanup | Checksum: 1417179fb

Time (s): cpu = 00:00:05 ; elapsed = 00:00:03 . Memory (MB): peak = 1931.285 ; gain = 0.000

Phase 4.3 Placer Reporting

Phase 4.3.1 Print Estimated Congestion
INFO: [Place 30-612] Post-Placement Estimated Congestion 
 ____________________________________________________
|           | Global Congestion | Short Congestion  |
| Direction | Region Size       | Region Size       |
|___________|___________________|___________________|
|      North|                1x1|                1x1|
|___________|___________________|___________________|
|      South|                1x1|                1x1|
|___________|___________________|___________________|
|       East|                1x1|                1x1|
|___________|___________________|___________________|
|       West|                1x1|                1x1|
|___________|___________________|___________________|

Phase 4.3.1 Print Estimated Congestion | Checksum: 1417179fb

Time (s): cpu = 00:00:05 ; elapsed = 00:00:03 . Memory (MB): peak = 1931.285 ; gain = 0.000
Phase 4.3 Placer Reporting | Checksum: 1417179fb

Time (s): cpu = 00:00:05 ; elapsed = 00:00:03 . Memory (MB): peak = 1931.285 ; gain = 0.000

Phase 4.4 Final Placement Cleanup
Netlist sorting complete. Time (s): cpu = 00:00:00 ; elapsed = 00:00:00.001 . Memory (MB): peak = 1931.285 ; gain = 0.000

Time (s): cpu = 00:00:05 ; elapsed = 00:00:03 . Memory (MB): peak = 1931.285 ; gain = 0.000
Phase 4 Post Placement Optimization and Clean-Up | Checksum: 16f9c4272

Time (s): cpu = 00:00:06 ; elapsed = 00:00:03 . Memory (MB): peak = 1931.285 ; gain = 0.000
Ending Placer Task | Checksum: 13439c0af

Time (s): cpu = 00:00:06 ; elapsed = 00:00:03 . Memory (MB): peak = 1931.285 ; gain = 0.000
80 Infos, 3 Warnings, 11 Critical Warnings and 0 Errors encountered.
place_design completed successfully
INFO: [Vivado 12-24838] Running report commands "report_control_sets, report_io, report_utilization" in parallel.
Running report generation with 2 threads.
INFO: [Vivado 12-24828] Executing command : report_io -file design_2_wrapper_io_placed.rpt
report_io: Time (s): cpu = 00:00:00 ; elapsed = 00:00:00.039 . Memory (MB): peak = 1931.285 ; gain = 0.000
INFO: [Vivado 12-24828] Executing command : report_utilization -file design_2_wrapper_utilization_placed.rpt -pb design_2_wrapper_utilization_placed.pb
INFO: [Vivado 12-24828] Executing command : report_control_sets -verbose -file design_2_wrapper_control_sets_placed.rpt
report_control_sets: Time (s): cpu = 00:00:00 ; elapsed = 00:00:00.009 . Memory (MB): peak = 1931.285 ; gain = 0.000
INFO: [Timing 38-480] Writing timing data to binary archive.
Write ShapeDB Complete: Time (s): cpu = 00:00:00 ; elapsed = 00:00:00.007 . Memory (MB): peak = 1931.285 ; gain = 0.000
Wrote PlaceDB: Time (s): cpu = 00:00:00 ; elapsed = 00:00:00.169 . Memory (MB): peak = 1931.285 ; gain = 0.000
Wrote PulsedLatchDB: Time (s): cpu = 00:00:00 ; elapsed = 00:00:00 . Memory (MB): peak = 1931.285 ; gain = 0.000
Writing XDEF routing.
Writing XDEF routing logical nets.
Writing XDEF routing special nets.
Wrote RouteStorage: Time (s): cpu = 00:00:00 ; elapsed = 00:00:00.017 . Memory (MB): peak = 1931.285 ; gain = 0.000
Wrote Netlist Cache: Time (s): cpu = 00:00:00 ; elapsed = 00:00:00.004 . Memory (MB): peak = 1931.285 ; gain = 0.000
Wrote Device Cache: Time (s): cpu = 00:00:00 ; elapsed = 00:00:00.006 . Memory (MB): peak = 1931.285 ; gain = 0.000
Write Physdb Complete: Time (s): cpu = 00:00:00 ; elapsed = 00:00:00.201 . Memory (MB): peak = 1931.285 ; gain = 0.000
INFO: [Common 17-1381] The checkpoint 'C:/Users/qianzha/Desktop/Embedded-System-Project-DAT096/Board_2/Board_2/Board_2.runs/impl_1/design_2_wrapper_placed.dcp' has been generated.
Command: phys_opt_design
Attempting to get a license for feature 'Implementation' and/or device 'xc7z020'
INFO: [Common 17-349] Got license for feature 'Implementation' and/or device 'xc7z020'

Starting Initial Update Timing Task

Time (s): cpu = 00:00:00 ; elapsed = 00:00:00.241 . Memory (MB): peak = 1931.285 ; gain = 0.000
INFO: [Vivado_Tcl 4-2279] Estimated Timing Summary | WNS= 0.101 | TNS= 0.000 | 
INFO: [Vivado_Tcl 4-383] Design worst setup slack (WNS) is greater than or equal to 0.000 ns. All physical synthesis setup optimizations will be skipped.
INFO: [Vivado_Tcl 4-232] No setup violation found. The netlist was not modified.
INFO: [Common 17-83] Releasing license: Implementation
91 Infos, 3 Warnings, 11 Critical Warnings and 0 Errors encountered.
phys_opt_design completed successfully
INFO: [Timing 38-480] Writing timing data to binary archive.
Write ShapeDB Complete: Time (s): cpu = 00:00:00 ; elapsed = 00:00:00.007 . Memory (MB): peak = 1931.285 ; gain = 0.000
Wrote PlaceDB: Time (s): cpu = 00:00:01 ; elapsed = 00:00:00.175 . Memory (MB): peak = 1931.285 ; gain = 0.000
Wrote PulsedLatchDB: Time (s): cpu = 00:00:00 ; elapsed = 00:00:00 . Memory (MB): peak = 1931.285 ; gain = 0.000
Writing XDEF routing.
Writing XDEF routing logical nets.
Writing XDEF routing special nets.
Wrote RouteStorage: Time (s): cpu = 00:00:00 ; elapsed = 00:00:00.016 . Memory (MB): peak = 1931.285 ; gain = 0.000
Wrote Netlist Cache: Time (s): cpu = 00:00:00 ; elapsed = 00:00:00.004 . Memory (MB): peak = 1931.285 ; gain = 0.000
Wrote Device Cache: Time (s): cpu = 00:00:00 ; elapsed = 00:00:00.006 . Memory (MB): peak = 1931.285 ; gain = 0.000
Write Physdb Complete: Time (s): cpu = 00:00:01 ; elapsed = 00:00:00.206 . Memory (MB): peak = 1931.285 ; gain = 0.000
INFO: [Common 17-1381] The checkpoint 'C:/Users/qianzha/Desktop/Embedded-System-Project-DAT096/Board_2/Board_2/Board_2.runs/impl_1/design_2_wrapper_physopt.dcp' has been generated.
Command: route_design
Attempting to get a license for feature 'Implementation' and/or device 'xc7z020'
INFO: [Common 17-349] Got license for feature 'Implementation' and/or device 'xc7z020'


Starting Routing Task
INFO: [Route 35-254] Multithreading enabled for route_design using a maximum of 2 CPUs

Phase 1 Build RT Design
Checksum: PlaceDB: 76aff4f7 ConstDB: 0 ShapeSum: a79058c8 RouteDB: 15f972f0
Post Restoration Checksum: NetGraph: 7e18cf51 | NumContArr: a5e162a6 | Constraints: c2a8fa9d | Timing: c2a8fa9d
Phase 1 Build RT Design | Checksum: 2a94c2731

Time (s): cpu = 00:00:14 ; elapsed = 00:00:13 . Memory (MB): peak = 1991.543 ; gain = 60.258

Phase 2 Router Initialization

Phase 2.1 Fix Topology Constraints
Phase 2.1 Fix Topology Constraints | Checksum: 2a94c2731

Time (s): cpu = 00:00:15 ; elapsed = 00:00:13 . Memory (MB): peak = 1991.543 ; gain = 60.258

Phase 2.2 Pre Route Cleanup
Phase 2.2 Pre Route Cleanup | Checksum: 2a94c2731

Time (s): cpu = 00:00:15 ; elapsed = 00:00:13 . Memory (MB): peak = 1991.543 ; gain = 60.258
 Number of Nodes with overlaps = 0

Phase 2.3 Update Timing
Phase 2.3 Update Timing | Checksum: 2ab039641

Time (s): cpu = 00:00:16 ; elapsed = 00:00:14 . Memory (MB): peak = 2032.125 ; gain = 100.840
INFO: [Route 35-416] Intermediate Timing Summary | WNS=0.773  | TNS=0.000  | WHS=-0.215 | THS=-59.206|


Phase 2.4 Update Timing for Bus Skew

Phase 2.4.1 Update Timing
Phase 2.4.1 Update Timing | Checksum: 32d18a6db

Time (s): cpu = 00:00:16 ; elapsed = 00:00:14 . Memory (MB): peak = 2032.125 ; gain = 100.840
INFO: [Route 35-416] Intermediate Timing Summary | WNS=0.773  | TNS=-0.382 | WHS=-0.104 | THS=-0.374 |

Phase 2.4 Update Timing for Bus Skew | Checksum: 2ae126918

Time (s): cpu = 00:00:16 ; elapsed = 00:00:14 . Memory (MB): peak = 2035.250 ; gain = 103.965

Router Utilization Summary
  Global Vertical Routing Utilization    = 0 %
  Global Horizontal Routing Utilization  = 0 %
  Routable Net Status*
  *Does not include unroutable nets such as driverless and loadless.
  Run report_route_status for detailed report.
  Number of Failed Nets               = 4004
    (Failed Nets is the sum of unrouted and partially routed nets)
  Number of Unrouted Nets             = 4004
  Number of Partially Routed Nets     = 0
  Number of Node Overlaps             = 0

Phase 2 Router Initialization | Checksum: 2674d8690

Time (s): cpu = 00:00:17 ; elapsed = 00:00:15 . Memory (MB): peak = 2039.023 ; gain = 107.738

Phase 3 Global Routing
Phase 3 Global Routing | Checksum: 2674d8690

Time (s): cpu = 00:00:17 ; elapsed = 00:00:15 . Memory (MB): peak = 2039.023 ; gain = 107.738

Phase 4 Initial Routing

Phase 4.1 Initial Net Routing Pass
Phase 4.1 Initial Net Routing Pass | Checksum: 2a108fbab

Time (s): cpu = 00:00:17 ; elapsed = 00:00:15 . Memory (MB): peak = 2039.023 ; gain = 107.738
Phase 4 Initial Routing | Checksum: 2a108fbab

Time (s): cpu = 00:00:17 ; elapsed = 00:00:15 . Memory (MB): peak = 2039.023 ; gain = 107.738

Phase 5 Rip-up And Reroute

Phase 5.1 Global Iteration 0
 Number of Nodes with overlaps = 181
 Number of Nodes with overlaps = 1
 Number of Nodes with overlaps = 0
INFO: [Route 35-416] Intermediate Timing Summary | WNS=0.773  | TNS=0.000  | WHS=N/A    | THS=N/A    |

Phase 5.1 Global Iteration 0 | Checksum: 1d4baed40

Time (s): cpu = 00:00:18 ; elapsed = 00:00:15 . Memory (MB): peak = 2039.023 ; gain = 107.738

Phase 5.2 Global Iteration 1
 Number of Nodes with overlaps = 0
INFO: [Route 35-416] Intermediate Timing Summary | WNS=0.773  | TNS=0.000  | WHS=N/A    | THS=N/A    |

Phase 5.2 Global Iteration 1 | Checksum: 29b6d6d29

Time (s): cpu = 00:00:18 ; elapsed = 00:00:15 . Memory (MB): peak = 2039.023 ; gain = 107.738
Phase 5 Rip-up And Reroute | Checksum: 29b6d6d29

Time (s): cpu = 00:00:18 ; elapsed = 00:00:15 . Memory (MB): peak = 2039.023 ; gain = 107.738

Phase 6 Delay and Skew Optimization

Phase 6.1 Delay CleanUp
Phase 6.1 Delay CleanUp | Checksum: 29b6d6d29

Time (s): cpu = 00:00:18 ; elapsed = 00:00:15 . Memory (MB): peak = 2039.023 ; gain = 107.738

Phase 6.2 Clock Skew Optimization
Phase 6.2 Clock Skew Optimization | Checksum: 29b6d6d29

Time (s): cpu = 00:00:18 ; elapsed = 00:00:15 . Memory (MB): peak = 2039.023 ; gain = 107.738
Phase 6 Delay and Skew Optimization | Checksum: 29b6d6d29

Time (s): cpu = 00:00:18 ; elapsed = 00:00:15 . Memory (MB): peak = 2039.023 ; gain = 107.738

Phase 7 Post Hold Fix

Phase 7.1 Hold Fix Iter
INFO: [Route 35-416] Intermediate Timing Summary | WNS=0.332  | TNS=0.000  | WHS=0.049  | THS=0.000  |

Phase 7.1 Hold Fix Iter | Checksum: 264a304fc

Time (s): cpu = 00:00:18 ; elapsed = 00:00:15 . Memory (MB): peak = 2039.023 ; gain = 107.738
Phase 7 Post Hold Fix | Checksum: 264a304fc

Time (s): cpu = 00:00:18 ; elapsed = 00:00:15 . Memory (MB): peak = 2039.023 ; gain = 107.738

Phase 8 Route finalize

Router Utilization Summary
  Global Vertical Routing Utilization    = 0.541835 %
  Global Horizontal Routing Utilization  = 0.647988 %
  Routable Net Status*
  *Does not include unroutable nets such as driverless and loadless.
  Run report_route_status for detailed report.
  Number of Failed Nets               = 0
    (Failed Nets is the sum of unrouted and partially routed nets)
  Number of Unrouted Nets             = 0
  Number of Partially Routed Nets     = 0
  Number of Node Overlaps             = 0

Phase 8 Route finalize | Checksum: 264a304fc

Time (s): cpu = 00:00:18 ; elapsed = 00:00:15 . Memory (MB): peak = 2039.023 ; gain = 107.738

Phase 9 Verifying routed nets

 Verification completed successfully
Phase 9 Verifying routed nets | Checksum: 264a304fc

Time (s): cpu = 00:00:18 ; elapsed = 00:00:15 . Memory (MB): peak = 2039.023 ; gain = 107.738

Phase 10 Depositing Routes
Phase 10 Depositing Routes | Checksum: 21d1c4408

Time (s): cpu = 00:00:18 ; elapsed = 00:00:16 . Memory (MB): peak = 2039.023 ; gain = 107.738

Phase 11 Post Process Routing
Phase 11 Post Process Routing | Checksum: 21d1c4408

Time (s): cpu = 00:00:18 ; elapsed = 00:00:16 . Memory (MB): peak = 2039.023 ; gain = 107.738

Phase 12 Post Router Timing
INFO: [Route 35-57] Estimated Timing Summary | WNS=0.332  | TNS=0.000  | WHS=0.049  | THS=0.000  |

INFO: [Route 35-327] The final timing numbers are based on the router estimated timing analysis. For a complete and accurate timing signoff, please run report_timing_summary.
Phase 12 Post Router Timing | Checksum: 21d1c4408

Time (s): cpu = 00:00:18 ; elapsed = 00:00:16 . Memory (MB): peak = 2039.023 ; gain = 107.738
Total Elapsed time in route_design: 15.605 secs

Phase 13 Post-Route Event Processing
Phase 13 Post-Route Event Processing | Checksum: c7255268

Time (s): cpu = 00:00:18 ; elapsed = 00:00:16 . Memory (MB): peak = 2039.023 ; gain = 107.738
INFO: [Route 35-16] Router Completed Successfully
Ending Routing Task | Checksum: c7255268

Time (s): cpu = 00:00:18 ; elapsed = 00:00:16 . Memory (MB): peak = 2039.023 ; gain = 107.738

Routing Is Done.
INFO: [Common 17-83] Releasing license: Implementation
104 Infos, 3 Warnings, 11 Critical Warnings and 0 Errors encountered.
route_design completed successfully
route_design: Time (s): cpu = 00:00:18 ; elapsed = 00:00:16 . Memory (MB): peak = 2039.023 ; gain = 107.738
INFO: [Vivado 12-24828] Executing command : report_drc -file design_2_wrapper_drc_routed.rpt -pb design_2_wrapper_drc_routed.pb -rpx design_2_wrapper_drc_routed.rpx
Command: report_drc -file design_2_wrapper_drc_routed.rpt -pb design_2_wrapper_drc_routed.pb -rpx design_2_wrapper_drc_routed.rpx
INFO: [IP_Flow 19-1839] IP Catalog is up to date.
INFO: [DRC 23-27] Running DRC with 2 threads
INFO: [Vivado_Tcl 2-168] The results of DRC are in file C:/Users/qianzha/Desktop/Embedded-System-Project-DAT096/Board_2/Board_2/Board_2.runs/impl_1/design_2_wrapper_drc_routed.rpt.
report_drc completed successfully
INFO: [Vivado 12-24828] Executing command : report_methodology -file design_2_wrapper_methodology_drc_routed.rpt -pb design_2_wrapper_methodology_drc_routed.pb -rpx design_2_wrapper_methodology_drc_routed.rpx
Command: report_methodology -file design_2_wrapper_methodology_drc_routed.rpt -pb design_2_wrapper_methodology_drc_routed.pb -rpx design_2_wrapper_methodology_drc_routed.rpx
INFO: [Timing 38-35] Done setting XDC timing constraints.
INFO: [DRC 23-133] Running Methodology with 2 threads
INFO: [Vivado_Tcl 2-1520] The results of Report Methodology are in file C:/Users/qianzha/Desktop/Embedded-System-Project-DAT096/Board_2/Board_2/Board_2.runs/impl_1/design_2_wrapper_methodology_drc_routed.rpt.
report_methodology completed successfully
INFO: [Vivado 12-24828] Executing command : report_timing_summary -max_paths 10 -report_unconstrained -file design_2_wrapper_timing_summary_routed.rpt -pb design_2_wrapper_timing_summary_routed.pb -rpx design_2_wrapper_timing_summary_routed.rpx -warn_on_violation 
INFO: [Timing 38-35] Done setting XDC timing constraints.
INFO: [Timing 38-91] UpdateTimingParams: Speed grade: -1, Delay Type: min_max.
INFO: [Timing 38-191] Multithreading enabled for timing update using a maximum of 2 CPUs
WARNING: [Timing 38-436] There are set_bus_skew constraint(s) in this design. Please run report_bus_skew to ensure that bus skew requirements are met.
INFO: [Vivado 12-24838] Running report commands "report_incremental_reuse, report_route_status" in parallel.
Running report generation with 2 threads.
INFO: [Vivado 12-24828] Executing command : report_route_status -file design_2_wrapper_route_status.rpt -pb design_2_wrapper_route_status.pb
INFO: [Vivado 12-24828] Executing command : report_incremental_reuse -file design_2_wrapper_incremental_reuse_routed.rpt
INFO: [Vivado_Tcl 4-1062] Incremental flow is disabled. No incremental reuse Info to report.
INFO: [Vivado 12-24828] Executing command : report_power -file design_2_wrapper_power_routed.rpt -pb design_2_wrapper_power_summary_routed.pb -rpx design_2_wrapper_power_routed.rpx
Command: report_power -file design_2_wrapper_power_routed.rpt -pb design_2_wrapper_power_summary_routed.pb -rpx design_2_wrapper_power_routed.rpx
Running Vector-less Activity Propagation...

Finished Running Vector-less Activity Propagation
121 Infos, 4 Warnings, 11 Critical Warnings and 0 Errors encountered.
report_power completed successfully
INFO: [Vivado 12-24828] Executing command : report_clock_utilization -file design_2_wrapper_clock_utilization_routed.rpt
INFO: [Vivado 12-24828] Executing command : report_bus_skew -warn_on_violation -file design_2_wrapper_bus_skew_routed.rpt -pb design_2_wrapper_bus_skew_routed.pb -rpx design_2_wrapper_bus_skew_routed.rpx
INFO: [Timing 38-91] UpdateTimingParams: Speed grade: -1, Delay Type: min_max.
INFO: [Timing 38-191] Multithreading enabled for timing update using a maximum of 2 CPUs
generate_parallel_reports: Time (s): cpu = 00:00:10 ; elapsed = 00:00:06 . Memory (MB): peak = 2110.039 ; gain = 71.016
INFO: [Timing 38-480] Writing timing data to binary archive.
Write ShapeDB Complete: Time (s): cpu = 00:00:00 ; elapsed = 00:00:00.008 . Memory (MB): peak = 2119.012 ; gain = 8.887
Wrote PlaceDB: Time (s): cpu = 00:00:00 ; elapsed = 00:00:00.173 . Memory (MB): peak = 2132.266 ; gain = 13.254
Wrote PulsedLatchDB: Time (s): cpu = 00:00:00 ; elapsed = 00:00:00 . Memory (MB): peak = 2132.266 ; gain = 0.000
Writing XDEF routing.
Writing XDEF routing logical nets.
Writing XDEF routing special nets.
Wrote RouteStorage: Time (s): cpu = 00:00:00 ; elapsed = 00:00:00.033 . Memory (MB): peak = 2132.266 ; gain = 0.000
Wrote Netlist Cache: Time (s): cpu = 00:00:00 ; elapsed = 00:00:00.003 . Memory (MB): peak = 2132.266 ; gain = 0.000
Wrote Device Cache: Time (s): cpu = 00:00:00 ; elapsed = 00:00:00.006 . Memory (MB): peak = 2132.266 ; gain = 0.000
Write Physdb Complete: Time (s): cpu = 00:00:00 ; elapsed = 00:00:00.220 . Memory (MB): peak = 2132.266 ; gain = 13.254
INFO: [Common 17-1381] The checkpoint 'C:/Users/qianzha/Desktop/Embedded-System-Project-DAT096/Board_2/Board_2/Board_2.runs/impl_1/design_2_wrapper_routed.dcp' has been generated.
INFO: [Common 17-206] Exiting Vivado at Wed Mar  4 17:08:30 2026...

*** Running vivado
    with args -log design_2_wrapper.vdi -applog -m64 -product Vivado -messageDb vivado.pb -mode batch -source design_2_wrapper.tcl -notrace



****** Vivado v2024.2 (64-bit)
  **** SW Build 5239630 on Fri Nov 08 22:35:27 MST 2024
  **** IP Build 5239520 on Sun Nov 10 16:12:51 MST 2024
  **** SharedData Build 5239561 on Fri Nov 08 14:39:27 MST 2024
  **** Start of session at: Wed Mar  4 17:08:47 2026
    ** Copyright 1986-2022 Xilinx, Inc. All Rights Reserved.
    ** Copyright 2022-2024 Advanced Micro Devices, Inc. All Rights Reserved.

source design_2_wrapper.tcl -notrace
Command: open_checkpoint design_2_wrapper_routed.dcp
INFO: [Device 21-403] Loading part xc7z020clg484-1
Netlist sorting complete. Time (s): cpu = 00:00:00 ; elapsed = 00:00:00.036 . Memory (MB): peak = 624.047 ; gain = 0.000
INFO: [Netlist 29-17] Analyzing 228 Unisim elements for replacement
INFO: [Netlist 29-28] Unisim Transformation completed in 0 CPU seconds
INFO: [Project 1-479] Netlist was created with Vivado 2024.2
INFO: [Project 1-570] Preparing netlist for logic optimization
Read ShapeDB Complete: Time (s): cpu = 00:00:00 ; elapsed = 00:00:00.012 . Memory (MB): peak = 770.895 ; gain = 0.000
INFO: [Timing 38-478] Restoring timing data from binary archive.
INFO: [Timing 38-479] Binary timing data restore complete.
INFO: [Project 1-856] Restoring constraints from binary archive.
INFO: [Project 1-853] Binary constraint restore complete.
INFO: [Designutils 20-5722] Start Reading Physical Databases.
Reading placement.
Read Netlist Cache: Time (s): cpu = 00:00:00 ; elapsed = 00:00:00.003 . Memory (MB): peak = 1306.156 ; gain = 0.000
Reading placer database...
Read Device Cache: Time (s): cpu = 00:00:00 ; elapsed = 00:00:00.009 . Memory (MB): peak = 1306.156 ; gain = 0.000
Read PlaceDB: Time (s): cpu = 00:00:00 ; elapsed = 00:00:00.103 . Memory (MB): peak = 1306.156 ; gain = 0.000
Read PulsedLatchDB: Time (s): cpu = 00:00:00 ; elapsed = 00:00:00 . Memory (MB): peak = 1306.156 ; gain = 0.000
Reading routing.
Read RouteStorage: Time (s): cpu = 00:00:00 ; elapsed = 00:00:00.028 . Memory (MB): peak = 1306.156 ; gain = 0.000
Read Physdb Files: Time (s): cpu = 00:00:00 ; elapsed = 00:00:00.155 . Memory (MB): peak = 1306.156 ; gain = 0.000
Restored from archive | CPU: 0.000000 secs | Memory: 0.000000 MB |
Finished XDEF File Restore: Time (s): cpu = 00:00:00 ; elapsed = 00:00:00.185 . Memory (MB): peak = 1306.156 ; gain = 8.027
Netlist sorting complete. Time (s): cpu = 00:00:00 ; elapsed = 00:00:00.001 . Memory (MB): peak = 1306.156 ; gain = 0.000
INFO: [Project 1-111] Unisim Transformation Summary:
  A total of 95 instances were transformed.
  CFGLUT5 => CFGLUT5 (SRL16E, SRLC32E): 80 instances
  IOBUF => IOBUF (IBUF, OBUFT): 1 instance 
  OBUFDS => OBUFDS_DUAL_BUF (INV, OBUFDS(x2)): 1 instance 
  RAM32M => RAM32M (RAMD32(x6), RAMS32(x2)): 11 instances
  RAM32X1D => RAM32X1D (RAMD32(x2)): 2 instances

INFO: [Project 1-604] Checkpoint was created with Vivado v2024.2 (64-bit) build 5239630
WARNING: [Vivado 12-23575] Critical violations of the methodology design rules detected. Critical violations may contribute to timing failures or cause functional issues in hardware. Run report_methodology for more information.
open_checkpoint: Time (s): cpu = 00:00:08 ; elapsed = 00:00:09 . Memory (MB): peak = 1306.156 ; gain = 1005.992
Command: write_bitstream -force design_2_wrapper.bit
Attempting to get a license for feature 'Implementation' and/or device 'xc7z020'
INFO: [Common 17-349] Got license for feature 'Implementation' and/or device 'xc7z020'
Running DRC as a precondition to command write_bitstream
INFO: [IP_Flow 19-234] Refreshing IP repositories
INFO: [IP_Flow 19-1704] No user IP repositories specified
INFO: [IP_Flow 19-2313] Loaded Vivado IP repository 'C:/Progs/Xilinx/Vivado/2024.2/data/ip'.
INFO: [DRC 23-27] Running DRC with 2 threads
INFO: [Vivado 12-3199] DRC finished with 0 Errors
INFO: [Vivado 12-3200] Please refer to the DRC report (report_drc) for more information.
INFO: [Designutils 20-2272] Running write_bitstream with 2 threads.
Loading data files...
Loading site data...
Loading route data...
Processing options...
Creating bitmap...
Creating bitstream...
Writing bitstream ./design_2_wrapper.bit...
INFO: [Vivado 12-1842] Bitgen Completed Successfully.
INFO: [Project 1-1876] WebTalk data collection is mandatory when using a ULT device. To see the specific WebTalk data collected for your design, open the usage_statistics_webtalk.html or usage_statistics_webtalk.xml file in the implementation directory.
INFO: [Common 17-83] Releasing license: Implementation
23 Infos, 1 Warnings, 0 Critical Warnings and 0 Errors encountered.
write_bitstream completed successfully
write_bitstream: Time (s): cpu = 00:00:10 ; elapsed = 00:00:08 . Memory (MB): peak = 1907.090 ; gain = 600.934
INFO: [Common 17-206] Exiting Vivado at Wed Mar  4 17:09:07 2026...
