
*** Running vivado
    with args -log design_2_ila_0_0.vds -m64 -product Vivado -mode batch -messageDb vivado.pb -notrace -source design_2_ila_0_0.tcl



****** Vivado v2024.2 (64-bit)
  **** SW Build 5239630 on Fri Nov 08 22:35:27 MST 2024
  **** IP Build 5239520 on Sun Nov 10 16:12:51 MST 2024
  **** SharedData Build 5239561 on Fri Nov 08 14:39:27 MST 2024
  **** Start of session at: Sun Mar  1 13:55:32 2026
    ** Copyright 1986-2022 Xilinx, Inc. All Rights Reserved.
    ** Copyright 2022-2024 Advanced Micro Devices, Inc. All Rights Reserved.

source design_2_ila_0_0.tcl -notrace
INFO: [IP_Flow 19-234] Refreshing IP repositories
INFO: [IP_Flow 19-1700] Loaded user IP repository 'z:/DAT096/vivado-library-zmod-v2-2019.1-2/vivado-library-zmod-v2-2019.1-2'.
INFO: [IP_Flow 19-2313] Loaded Vivado IP repository 'C:/Progs/Xilinx/Vivado/2024.2/data/ip'.
update_ip_catalog: Time (s): cpu = 00:00:01 ; elapsed = 00:00:09 . Memory (MB): peak = 369.594 ; gain = 2.969
WARNING: [IP_Flow 19-4995] The host OS only allows 260 characters in a normal path. The IP cache path is more than 80 characters. If you experience issues with IP caching, please consider changing the IP cache to a location with a shorter path. Alternately consider using the OS subst command to map part of the path to a drive letter. 
Current IP cache path is c:/Users/qianzha/Desktop/Embedded-System-Project-DAT096/Board_2/Board_2/Board_2.cache/ip 
INFO: [IP_Flow 19-6924] IPCACHE: Running cache check for IP inst: design_2_ila_0_0
INFO: [IP_Flow 19-6922] IPCACHE: Exporting cached entry 6dbc0064d83f9227 to dir: C:/Users/qianzha/Desktop/Embedded-System-Project-DAT096/Board_2/Board_2/Board_2.runs/design_2_ila_0_0_synth_1
INFO: [IP_Flow 19-6928] IPCACHE: copied cached file c:/Users/qianzha/Desktop/Embedded-System-Project-DAT096/Board_2/Board_2/Board_2.cache/ip/2024.2/6/d/6dbc0064d83f9227/design_2_ila_0_0.dcp to C:/Users/qianzha/Desktop/Embedded-System-Project-DAT096/Board_2/Board_2/Board_2.runs/design_2_ila_0_0_synth_1/design_2_ila_0_0.dcp.
INFO: [IP_Flow 19-6928] IPCACHE: copied cached file c:/Users/qianzha/Desktop/Embedded-System-Project-DAT096/Board_2/Board_2/Board_2.cache/ip/2024.2/6/d/6dbc0064d83f9227/design_2_ila_0_0_sim_netlist.v to C:/Users/qianzha/Desktop/Embedded-System-Project-DAT096/Board_2/Board_2/Board_2.runs/design_2_ila_0_0_synth_1/design_2_ila_0_0_sim_netlist.v.
INFO: [IP_Flow 19-6928] IPCACHE: copied cached file c:/Users/qianzha/Desktop/Embedded-System-Project-DAT096/Board_2/Board_2/Board_2.cache/ip/2024.2/6/d/6dbc0064d83f9227/design_2_ila_0_0_sim_netlist.vhdl to C:/Users/qianzha/Desktop/Embedded-System-Project-DAT096/Board_2/Board_2/Board_2.runs/design_2_ila_0_0_synth_1/design_2_ila_0_0_sim_netlist.vhdl.
INFO: [IP_Flow 19-6928] IPCACHE: copied cached file c:/Users/qianzha/Desktop/Embedded-System-Project-DAT096/Board_2/Board_2/Board_2.cache/ip/2024.2/6/d/6dbc0064d83f9227/design_2_ila_0_0_stub.v to C:/Users/qianzha/Desktop/Embedded-System-Project-DAT096/Board_2/Board_2/Board_2.runs/design_2_ila_0_0_synth_1/design_2_ila_0_0_stub.v.
INFO: [IP_Flow 19-6928] IPCACHE: copied cached file c:/Users/qianzha/Desktop/Embedded-System-Project-DAT096/Board_2/Board_2/Board_2.cache/ip/2024.2/6/d/6dbc0064d83f9227/design_2_ila_0_0_stub.vhdl to C:/Users/qianzha/Desktop/Embedded-System-Project-DAT096/Board_2/Board_2/Board_2.runs/design_2_ila_0_0_synth_1/design_2_ila_0_0_stub.vhdl.
INFO: [IP_Flow 19-4838] Using cached IP synthesis design for IP design_2_ila_0_0, cache-ID = 6dbc0064d83f9227.
config_ip_cache: Time (s): cpu = 00:00:07 ; elapsed = 00:00:07 . Memory (MB): peak = 414.508 ; gain = 0.000
INFO: [Common 17-206] Exiting Vivado at Sun Mar  1 13:55:53 2026...
